TN:
SF:src\components\ActivityTree.tsx
FN:21,patientKey
FN:25,campaignKey
FN:29,statusColor
FN:35,ActivityTree
FN:45,(anonymous_4)
FN:69,(anonymous_5)
FN:85,(anonymous_6)
FN:92,(anonymous_7)
FN:106,(anonymous_8)
FN:124,(anonymous_9)
FN:141,(anonymous_10)
FN:148,(anonymous_11)
FN:163,(anonymous_12)
FNF:13
FNH:12
FNDA:37,patientKey
FNDA:21,campaignKey
FNDA:11,statusColor
FNDA:27,ActivityTree
FNDA:12,(anonymous_4)
FNDA:26,(anonymous_5)
FNDA:1,(anonymous_6)
FNDA:1,(anonymous_7)
FNDA:1,(anonymous_8)
FNDA:11,(anonymous_9)
FNDA:0,(anonymous_10)
FNDA:1,(anonymous_11)
FNDA:11,(anonymous_12)
DA:1,1
DA:22,37
DA:26,21
DA:30,11
DA:31,0
DA:32,0
DA:45,27
DA:46,12
DA:47,12
DA:48,11
DA:49,11
DA:50,10
DA:53,12
DA:56,27
DA:61,27
DA:62,1
DA:65,26
DA:70,26
DA:71,26
DA:72,26
DA:74,26
DA:76,26
DA:85,1
DA:92,1
DA:107,1
DA:108,1
DA:113,1
DA:125,11
DA:126,11
DA:127,11
DA:128,11
DA:130,11
DA:141,0
DA:148,1
DA:165,11
DA:166,11
LF:36
LH:33
BRDA:30,0,0,11
BRDA:30,0,1,0
BRDA:31,1,0,0
BRDA:31,1,1,0
BRDA:43,2,0,27
BRDA:49,3,0,11
BRDA:49,3,1,0
BRDA:61,4,0,1
BRDA:61,4,1,26
BRDA:72,5,0,26
BRDA:72,5,1,0
BRDA:74,6,0,26
BRDA:74,6,1,2
BRDA:80,7,0,0
BRDA:80,7,1,26
BRDA:95,8,0,26
BRDA:95,8,1,24
BRDA:101,9,0,26
BRDA:101,9,1,2
BRDA:101,9,2,2
BRDA:108,10,0,1
BRDA:108,10,1,0
BRDA:122,11,0,26
BRDA:122,11,1,12
BRDA:122,11,2,11
BRDA:127,12,0,11
BRDA:127,12,1,0
BRDA:128,13,0,11
BRDA:128,13,1,0
BRDA:134,14,0,1
BRDA:134,14,1,10
BRDA:161,15,0,11
BRDA:161,15,1,11
BRDA:161,15,2,11
BRDA:174,16,0,0
BRDA:174,16,1,11
BRDA:189,17,0,26
BRDA:189,17,1,12
BRDA:189,17,2,1
BRF:39
BRH:29
end_of_record
TN:
SF:src\components\CompletedThreadsPanel.tsx
FN:20,patientKey
FN:24,campaignKey
FN:28,purgeDate
FN:34,groupByPatient
FN:45,(anonymous_4)
FN:50,CompletedThreadsPanel
FN:51,(anonymous_6)
FN:53,(anonymous_7)
FN:82,(anonymous_8)
FN:91,(anonymous_9)
FN:107,(anonymous_10)
FN:125,(anonymous_11)
FN:154,(anonymous_12)
FNF:13
FNH:11
FNDA:19,patientKey
FNDA:10,campaignKey
FNDA:4,purgeDate
FNDA:6,groupByPatient
FNDA:0,(anonymous_4)
FNDA:15,CompletedThreadsPanel
FNDA:6,(anonymous_6)
FNDA:6,(anonymous_7)
FNDA:14,(anonymous_8)
FNDA:3,(anonymous_9)
FNDA:4,(anonymous_10)
FNDA:0,(anonymous_11)
FNDA:1,(anonymous_12)
DA:1,1
DA:21,19
DA:25,10
DA:29,4
DA:35,6
DA:36,6
DA:37,6
DA:38,6
DA:39,6
DA:40,1
DA:42,5
DA:45,6
DA:46,0
DA:51,15
DA:53,15
DA:54,6
DA:55,6
DA:56,5
DA:57,5
DA:58,6
DA:61,6
DA:64,15
DA:69,15
DA:70,1
DA:78,14
DA:83,14
DA:84,14
DA:86,14
DA:91,3
DA:108,4
DA:109,4
DA:110,4
DA:111,4
DA:112,4
DA:113,4
DA:120,4
DA:125,0
DA:155,1
LF:38
LH:36
BRDA:37,0,0,0
BRDA:37,0,1,6
BRDA:37,1,0,6
BRDA:37,1,1,6
BRDA:39,2,0,1
BRDA:39,2,1,5
BRDA:69,3,0,1
BRDA:69,3,1,14
BRDA:105,4,0,14
BRDA:105,4,1,4
BRDA:110,5,0,4
BRDA:110,5,1,0
BRDA:111,6,0,4
BRDA:111,6,1,0
BRDA:134,7,0,3
BRDA:134,7,1,1
BRDA:146,8,0,0
BRDA:146,8,1,4
BRDA:152,9,0,4
BRDA:152,9,1,1
BRDA:152,9,2,1
BRF:21
BRH:17
end_of_record
TN:
SF:src\components\ErrorBoundary.tsx
FN:30,(anonymous_0)
FN:18,(anonymous_1)
FN:22,(anonymous_2)
FN:34,(anonymous_3)
FNF:4
FNH:4
FNDA:1,(anonymous_0)
FNDA:1,(anonymous_1)
FNDA:3,(anonymous_2)
FNDA:15,(anonymous_3)
DA:1,1
DA:16,8
DA:19,6
DA:23,3
DA:30,8
DA:31,1
DA:35,15
DA:36,15
DA:38,6
DA:39,2
DA:42,4
LF:11
LH:11
BRDA:36,0,0,9
BRDA:36,0,1,6
BRDA:38,1,0,2
BRDA:38,1,1,4
BRF:4
BRH:4
end_of_record
TN:
SF:src\components\MessagesPane.tsx
FN:19,MessagesPane
FN:38,(anonymous_1)
FN:42,(anonymous_2)
FN:48,(anonymous_3)
FN:49,(anonymous_4)
FN:50,(anonymous_5)
FN:53,handlePhysicianPhoneChange
FN:59,startCampaign
FN:99,cancelCampaign
FN:117,(anonymous_9)
FN:157,(anonymous_10)
FN:163,(anonymous_11)
FN:176,(anonymous_12)
FN:179,(anonymous_13)
FN:228,(anonymous_14)
FNF:15
FNH:0
FNDA:0,MessagesPane
FNDA:0,(anonymous_1)
FNDA:0,(anonymous_2)
FNDA:0,(anonymous_3)
FNDA:0,(anonymous_4)
FNDA:0,(anonymous_5)
FNDA:0,handlePhysicianPhoneChange
FNDA:0,startCampaign
FNDA:0,cancelCampaign
FNDA:0,(anonymous_9)
FNDA:0,(anonymous_10)
FNDA:0,(anonymous_11)
FNDA:0,(anonymous_12)
FNDA:0,(anonymous_13)
FNDA:0,(anonymous_14)
DA:1,0
DA:28,0
DA:30,0
DA:31,0
DA:34,0
DA:35,0
DA:36,0
DA:38,0
DA:39,0
DA:42,0
DA:43,0
DA:44,0
DA:48,0
DA:49,0
DA:50,0
DA:54,0
DA:55,0
DA:56,0
DA:60,0
DA:61,0
DA:62,0
DA:63,0
DA:65,0
DA:66,0
DA:67,0
DA:68,0
DA:70,0
DA:71,0
DA:72,0
DA:73,0
DA:84,0
DA:85,0
DA:86,0
DA:87,0
DA:91,0
DA:93,0
DA:95,0
DA:100,0
DA:101,0
DA:102,0
DA:106,0
DA:107,0
DA:111,0
DA:113,0
DA:117,0
DA:119,0
DA:157,0
DA:164,0
DA:176,0
DA:180,0
DA:229,0
DA:230,0
LF:52
LH:0
BRDA:43,0,0,0
BRDA:43,0,1,0
BRDA:60,1,0,0
BRDA:60,1,1,0
BRDA:61,2,0,0
BRDA:61,2,1,0
BRDA:66,3,0,0
BRDA:66,3,1,0
BRDA:93,4,0,0
BRDA:93,4,1,0
BRDA:100,5,0,0
BRDA:100,5,1,0
BRDA:113,6,0,0
BRDA:113,6,1,0
BRDA:127,7,0,0
BRDA:127,7,1,0
BRDA:187,8,0,0
BRDA:187,8,1,0
BRDA:202,9,0,0
BRDA:202,9,1,0
BRDA:213,10,0,0
BRDA:213,10,1,0
BRDA:215,11,0,0
BRDA:215,11,1,0
BRDA:218,12,0,0
BRDA:218,12,1,0
BRDA:228,13,0,0
BRDA:228,13,1,0
BRDA:237,14,0,0
BRDA:237,14,1,0
BRF:30
BRH:0
end_of_record
TN:
SF:src\components\PatientPane.tsx
FN:9,PatientPane
FN:24,(anonymous_1)
FN:29,(anonymous_2)
FN:31,(anonymous_3)
FN:34,(anonymous_4)
FN:37,selectPatient
FN:49,handleSubmit
FN:87,(anonymous_7)
FN:94,(anonymous_8)
FN:129,(anonymous_9)
FN:132,(anonymous_10)
FN:137,(anonymous_11)
FN:145,(anonymous_12)
FN:152,(anonymous_13)
FN:152,(anonymous_14)
FNF:15
FNH:0
FNDA:0,PatientPane
FNDA:0,(anonymous_1)
FNDA:0,(anonymous_2)
FNDA:0,(anonymous_3)
FNDA:0,(anonymous_4)
FNDA:0,selectPatient
FNDA:0,handleSubmit
FNDA:0,(anonymous_7)
FNDA:0,(anonymous_8)
FNDA:0,(anonymous_9)
FNDA:0,(anonymous_10)
FNDA:0,(anonymous_11)
FNDA:0,(anonymous_12)
FNDA:0,(anonymous_13)
FNDA:0,(anonymous_14)
DA:1,0
DA:10,0
DA:12,0
DA:19,0
DA:20,0
DA:21,0
DA:22,0
DA:24,0
DA:25,0
DA:26,0
DA:27,0
DA:29,0
DA:30,0
DA:31,0
DA:34,0
DA:38,0
DA:45,0
DA:46,0
DA:50,0
DA:51,0
DA:52,0
DA:53,0
DA:54,0
DA:61,0
DA:62,0
DA:63,0
DA:65,0
DA:67,0
DA:71,0
DA:88,0
DA:95,0
DA:129,0
DA:133,0
DA:137,0
DA:146,0
DA:151,0
DA:152,0
LF:37
LH:0
BRDA:25,0,0,0
BRDA:25,0,1,0
BRDA:65,1,0,0
BRDA:65,1,1,0
BRDA:98,2,0,0
BRDA:98,2,1,0
BRDA:103,3,0,0
BRDA:103,3,1,0
BRDA:110,4,0,0
BRDA:110,4,1,0
BRDA:141,5,0,0
BRDA:141,5,1,0
BRDA:146,6,0,0
BRDA:146,6,1,0
BRDA:161,7,0,0
BRDA:161,7,1,0
BRDA:161,7,2,0
BRF:17
BRH:0
end_of_record
TN:
SF:src\components\PatientPhoneSimulator.tsx
FN:9,replyTargetId
FN:10,(anonymous_1)
FN:15,(anonymous_2)
FN:16,(anonymous_3)
FN:25,PatientPhoneSimulator
FN:31,(anonymous_5)
FN:33,(anonymous_6)
FN:35,(anonymous_7)
FN:44,handleSend
FN:83,(anonymous_9)
FNF:10
FNH:0
FNDA:0,replyTargetId
FNDA:0,(anonymous_1)
FNDA:0,(anonymous_2)
FNDA:0,(anonymous_3)
FNDA:0,PatientPhoneSimulator
FNDA:0,(anonymous_5)
FNDA:0,(anonymous_6)
FNDA:0,(anonymous_7)
FNDA:0,handleSend
FNDA:0,(anonymous_9)
DA:1,0
DA:10,0
DA:11,0
DA:13,0
DA:15,0
DA:16,0
DA:19,0
DA:20,0
DA:22,0
DA:26,0
DA:27,0
DA:28,0
DA:29,0
DA:31,0
DA:33,0
DA:35,0
DA:45,0
DA:46,0
DA:47,0
DA:48,0
DA:49,0
DA:51,0
DA:52,0
DA:53,0
DA:54,0
DA:61,0
DA:62,0
DA:64,0
DA:66,0
DA:70,0
DA:75,0
DA:83,0
DA:113,0
LF:33
LH:0
BRDA:11,0,0,0
BRDA:11,0,1,0
BRDA:15,1,0,0
BRDA:15,1,1,0
BRDA:20,2,0,0
BRDA:20,2,1,0
BRDA:46,3,0,0
BRDA:46,3,1,0
BRDA:47,4,0,0
BRDA:47,4,1,0
BRDA:64,5,0,0
BRDA:64,5,1,0
BRDA:70,6,0,0
BRDA:70,6,1,0
BRDA:85,7,0,0
BRDA:85,7,1,0
BRDA:91,8,0,0
BRDA:91,8,1,0
BRDA:91,8,2,0
BRDA:105,9,0,0
BRDA:105,9,1,0
BRDA:115,10,0,0
BRDA:115,10,1,0
BRF:23
BRH:0
end_of_record
TN:
SF:src\components\SideNav.tsx
FN:13,SideNav
FN:22,(anonymous_1)
FN:26,(anonymous_2)
FN:42,(anonymous_3)
FNF:4
FNH:3
FNDA:3,SideNav
FNDA:12,(anonymous_1)
FNDA:1,(anonymous_2)
FNDA:0,(anonymous_3)
DA:1,1
DA:6,1
DA:14,3
DA:16,3
DA:23,12
DA:26,1
DA:43,0
DA:44,0
LF:8
LH:6
BRDA:28,0,0,3
BRDA:28,0,1,9
BRF:2
BRH:2
end_of_record
TN:
SF:src\components\SmsSimulator.tsx
FN:8,SmsSimulator
FNF:1
FNH:0
FNDA:0,SmsSimulator
DA:1,0
DA:9,0
DA:11,0
LF:3
LH:0
BRF:0
BRH:0
end_of_record
TN:
SF:src\components\TemplatesPane.tsx
FN:8,(anonymous_0)
FN:17,TemplatesPane
FN:28,(anonymous_2)
FN:30,(anonymous_3)
FN:35,(anonymous_4)
FN:48,(anonymous_5)
FN:50,(anonymous_6)
FN:55,updateRow
FN:56,(anonymous_8)
FN:57,(anonymous_9)
FN:71,handleSave
FN:77,(anonymous_11)
FN:120,(anonymous_12)
FN:126,(anonymous_13)
FN:139,(anonymous_14)
FN:158,(anonymous_15)
FN:166,(anonymous_16)
FN:169,(anonymous_17)
FN:178,(anonymous_18)
FN:194,(anonymous_19)
FN:194,(anonymous_20)
FN:210,(anonymous_21)
FNF:22
FNH:0
FNDA:0,(anonymous_0)
FNDA:0,TemplatesPane
FNDA:0,(anonymous_2)
FNDA:0,(anonymous_3)
FNDA:0,(anonymous_4)
FNDA:0,(anonymous_5)
FNDA:0,(anonymous_6)
FNDA:0,updateRow
FNDA:0,(anonymous_8)
FNDA:0,(anonymous_9)
FNDA:0,handleSave
FNDA:0,(anonymous_11)
FNDA:0,(anonymous_12)
FNDA:0,(anonymous_13)
FNDA:0,(anonymous_14)
FNDA:0,(anonymous_15)
FNDA:0,(anonymous_16)
FNDA:0,(anonymous_17)
FNDA:0,(anonymous_18)
FNDA:0,(anonymous_19)
FNDA:0,(anonymous_20)
FNDA:0,(anonymous_21)
DA:1,0
DA:8,0
DA:18,0
DA:20,0
DA:21,0
DA:22,0
DA:25,0
DA:26,0
DA:28,0
DA:29,0
DA:30,0
DA:31,0
DA:32,0
DA:33,0
DA:35,0
DA:48,0
DA:49,0
DA:50,0
DA:51,0
DA:52,0
DA:56,0
DA:57,0
DA:58,0
DA:72,0
DA:73,0
DA:74,0
DA:75,0
DA:77,0
DA:79,0
DA:80,0
DA:81,0
DA:82,0
DA:84,0
DA:85,0
DA:86,0
DA:91,0
DA:95,0
DA:97,0
DA:99,0
DA:101,0
DA:105,0
DA:121,0
DA:122,0
DA:127,0
DA:139,0
DA:159,0
DA:166,0
DA:171,0
DA:178,0
DA:194,0
DA:211,0
DA:216,0
DA:218,0
DA:219,0
DA:220,0
DA:221,0
DA:222,0
DA:224,0
LF:58
LH:0
BRDA:29,0,0,0
BRDA:29,0,1,0
BRDA:31,1,0,0
BRDA:31,1,1,0
BRDA:34,2,0,0
BRDA:34,2,1,0
BRDA:49,3,0,0
BRDA:49,3,1,0
BRDA:49,4,0,0
BRDA:49,4,1,0
BRDA:51,5,0,0
BRDA:51,5,1,0
BRDA:58,6,0,0
BRDA:58,6,1,0
BRDA:62,7,0,0
BRDA:62,7,1,0
BRDA:64,8,0,0
BRDA:64,8,1,0
BRDA:72,9,0,0
BRDA:72,9,1,0
BRDA:79,10,0,0
BRDA:79,10,1,0
BRDA:79,11,0,0
BRDA:79,11,1,0
BRDA:85,12,0,0
BRDA:85,12,1,0
BRDA:99,13,0,0
BRDA:99,13,1,0
BRDA:108,14,0,0
BRDA:108,14,1,0
BRDA:122,15,0,0
BRDA:122,15,1,0
BRDA:189,16,0,0
BRDA:189,16,1,0
BRDA:206,17,0,0
BRDA:206,17,1,0
BRDA:211,18,0,0
BRDA:211,18,1,0
BRDA:224,19,0,0
BRDA:224,19,1,0
BRDA:234,20,0,0
BRDA:234,20,1,0
BRF:42
BRH:0
end_of_record
TN:
SF:src\components\ThreadsPane.tsx
FN:9,ThreadsPane
FN:22,selectTreePatient
FN:27,selectTreeCampaign
FNF:3
FNH:0
FNDA:0,ThreadsPane
FNDA:0,selectTreePatient
FNDA:0,selectTreeCampaign
DA:1,0
DA:19,0
DA:23,0
DA:24,0
DA:28,0
DA:29,0
DA:32,0
LF:7
LH:0
BRDA:56,0,0,0
BRDA:56,0,1,0
BRDA:57,1,0,0
BRDA:57,1,1,0
BRF:4
BRH:0
end_of_record
TN:
SF:src\components\phone\PhoneShell.tsx
FN:13,MessageBubble
FN:50,PhoneShell
FN:62,(anonymous_2)
FN:103,(anonymous_3)
FNF:4
FNH:0
FNDA:0,MessageBubble
FNDA:0,PhoneShell
FNDA:0,(anonymous_2)
FNDA:0,(anonymous_3)
DA:1,0
DA:14,0
DA:60,0
DA:62,0
DA:63,0
DA:66,0
DA:68,0
DA:104,0
LF:8
LH:0
BRDA:15,0,0,0
BRDA:15,0,1,0
BRDA:18,1,0,0
BRDA:18,1,1,0
BRDA:26,2,0,0
BRDA:26,2,1,0
BRDA:58,3,0,0
BRDA:71,4,0,0
BRDA:71,4,1,0
BRDA:76,5,0,0
BRDA:76,5,1,0
BRDA:94,6,0,0
BRDA:94,6,1,0
BRDA:99,7,0,0
BRDA:99,7,1,0
BRF:15
BRH:0
end_of_record
TN:
SF:src\components\phone\PhysicianPhoneSimulator.tsx
FN:16,PhysicianPhoneSimulator
FN:24,(anonymous_1)
FN:26,(anonymous_2)
FN:27,(anonymous_3)
FNF:4
FNH:0
FNDA:0,PhysicianPhoneSimulator
FNDA:0,(anonymous_1)
FNDA:0,(anonymous_2)
FNDA:0,(anonymous_3)
DA:1,0
DA:22,0
DA:24,0
DA:25,0
DA:26,0
DA:27,0
DA:35,0
DA:39,0
LF:8
LH:0
BRDA:20,0,0,0
BRDA:35,1,0,0
BRDA:35,1,1,0
BRDA:45,2,0,0
BRDA:45,2,1,0
BRF:5
BRH:0
end_of_record
TN:
SF:src\components\phone\PhysicianPhonesPanel.tsx
FN:8,PhysicianPhonesPanel
FN:17,(anonymous_1)
FNF:2
FNH:0
FNDA:0,PhysicianPhonesPanel
FNDA:0,(anonymous_1)
DA:1,0
DA:9,0
DA:11,0
DA:18,0
LF:4
LH:0
BRF:0
BRH:0
end_of_record
TN:
SF:src\components\resize\ResizableSplit.tsx
FN:27,readStoredSize
FN:35,ResizableSplit
FN:51,(anonymous_2)
FN:57,(anonymous_3)
FN:61,(anonymous_4)
FN:69,(anonymous_5)
FN:70,(anonymous_6)
FN:82,(anonymous_7)
FN:94,(anonymous_8)
FN:100,(anonymous_9)
FNF:10
FNH:7
FNDA:0,readStoredSize
FNDA:3,ResizableSplit
FNDA:3,(anonymous_2)
FNDA:3,(anonymous_3)
FNDA:0,(anonymous_4)
FNDA:3,(anonymous_5)
FNDA:0,(anonymous_6)
FNDA:1,(anonymous_7)
FNDA:3,(anonymous_8)
FNDA:1,(anonymous_9)
DA:1,1
DA:28,0
DA:29,0
DA:30,0
DA:31,0
DA:32,0
DA:46,3
DA:47,3
DA:48,3
DA:49,3
DA:51,3
DA:52,3
DA:53,0
DA:57,3
DA:58,3
DA:61,3
DA:63,0
DA:64,0
DA:69,3
DA:70,3
DA:71,0
DA:72,0
DA:74,0
DA:76,0
DA:79,0
DA:82,3
DA:83,1
DA:84,1
DA:85,1
DA:86,1
DA:87,1
DA:88,0
DA:92,3
DA:93,3
DA:94,3
DA:95,3
DA:96,3
DA:100,3
DA:101,1
DA:102,1
DA:103,1
DA:105,1
DA:108,3
DA:110,3
LF:44
LH:30
BRDA:28,0,0,0
BRDA:28,0,1,0
BRDA:30,1,0,0
BRDA:30,1,1,0
BRDA:32,2,0,0
BRDA:32,2,1,0
BRDA:40,3,0,3
BRDA:44,4,0,3
BRDA:52,5,0,0
BRDA:52,5,1,3
BRDA:71,6,0,0
BRDA:71,6,1,0
BRDA:71,7,0,0
BRDA:71,7,1,0
BRDA:74,8,0,0
BRDA:74,8,1,0
BRDA:76,9,0,0
BRDA:76,9,1,0
BRDA:83,10,0,0
BRDA:83,10,1,1
BRDA:87,11,0,0
BRDA:87,11,1,1
BRDA:104,12,0,1
BRDA:104,12,1,0
BRDA:113,13,0,2
BRDA:113,13,1,1
BRDA:118,14,0,2
BRDA:118,14,1,1
BRDA:128,15,0,2
BRDA:128,15,1,1
BRDA:132,16,0,2
BRDA:132,16,1,1
BRDA:139,17,0,2
BRDA:139,17,1,1
BRF:34
BRH:16
end_of_record
TN:
SF:src\components\tree\TreeChevron.tsx
FN:10,TreeChevron
FN:19,(anonymous_1)
FNF:2
FNH:2
FNDA:58,TreeChevron
FNDA:5,(anonymous_1)
DA:1,3
DA:11,58
DA:12,3
DA:15,55
DA:20,5
DA:21,5
LF:6
LH:6
BRDA:11,0,0,3
BRDA:11,0,1,55
BRDA:24,1,0,28
BRDA:24,1,1,27
BRDA:28,2,0,28
BRDA:28,2,1,27
BRF:6
BRH:6
end_of_record
TN:
SF:src\components\tree\TreeToolbar.tsx
FN:8,TreeToolbar
FNF:1
FNH:1
FNDA:41,TreeToolbar
DA:1,3
DA:9,41
LF:2
LH:2
BRF:0
BRH:0
end_of_record
TN:
SF:src\context\AppContext.tsx
FN:54,AppProvider
FN:70,(anonymous_1)
FN:80,(anonymous_2)
FN:94,(anonymous_3)
FN:99,(anonymous_4)
FN:114,(anonymous_5)
FN:126,(anonymous_6)
FN:134,(anonymous_7)
FN:136,(anonymous_8)
FN:137,(anonymous_9)
FN:138,(anonymous_10)
FN:141,(anonymous_11)
FN:148,(anonymous_12)
FN:151,(anonymous_13)
FN:152,(anonymous_14)
FN:155,(anonymous_15)
FN:157,(anonymous_16)
FN:162,(anonymous_17)
FN:171,(anonymous_18)
FN:179,(anonymous_19)
FN:182,(anonymous_20)
FN:193,(anonymous_21)
FN:205,(anonymous_22)
FN:258,useApp
FNF:24
FNH:18
FNDA:14,AppProvider
FNDA:3,(anonymous_1)
FNDA:3,(anonymous_2)
FNDA:3,(anonymous_3)
FNDA:3,(anonymous_4)
FNDA:0,(anonymous_5)
FNDA:0,(anonymous_6)
FNDA:4,(anonymous_7)
FNDA:1,(anonymous_8)
FNDA:3,(anonymous_9)
FNDA:4,(anonymous_10)
FNDA:8,(anonymous_11)
FNDA:8,(anonymous_12)
FNDA:0,(anonymous_13)
FNDA:3,(anonymous_14)
FNDA:8,(anonymous_15)
FNDA:0,(anonymous_16)
FNDA:0,(anonymous_17)
FNDA:0,(anonymous_18)
FNDA:3,(anonymous_19)
FNDA:2,(anonymous_20)
FNDA:1,(anonymous_21)
FNDA:14,(anonymous_22)
FNDA:14,useApp
DA:1,1
DA:52,1
DA:55,14
DA:56,14
DA:57,14
DA:58,14
DA:59,14
DA:60,14
DA:61,14
DA:62,14
DA:63,14
DA:64,14
DA:65,14
DA:67,14
DA:68,14
DA:70,14
DA:71,3
DA:72,3
DA:73,3
DA:75,0
DA:76,0
DA:80,14
DA:81,3
DA:82,3
DA:86,3
DA:87,3
DA:89,0
DA:90,0
DA:94,14
DA:95,3
DA:96,3
DA:99,14
DA:100,3
DA:101,3
DA:102,3
DA:103,3
DA:105,3
DA:109,3
DA:110,3
DA:113,14
DA:115,0
DA:116,0
DA:117,0
DA:118,0
DA:120,0
DA:125,14
DA:127,0
DA:128,0
DA:129,0
DA:134,14
DA:135,4
DA:136,1
DA:137,3
DA:138,4
DA:141,14
DA:142,8
DA:143,3
DA:144,3
DA:145,3
DA:148,14
DA:149,8
DA:150,3
DA:151,3
DA:152,3
DA:155,14
DA:156,8
DA:157,3
DA:158,0
DA:159,0
DA:160,0
DA:161,0
DA:163,0
DA:164,0
DA:166,0
DA:167,0
DA:168,0
DA:172,0
DA:173,0
DA:174,0
DA:179,3
DA:182,14
DA:183,2
DA:187,2
DA:188,2
DA:189,2
DA:190,2
DA:193,14
DA:194,1
DA:195,1
DA:196,1
DA:197,1
DA:198,1
DA:199,1
DA:200,1
DA:201,1
DA:202,1
DA:205,14
DA:206,14
DA:255,14
DA:259,14
DA:260,14
DA:261,14
LF:102
LH:78
BRDA:67,0,0,14
BRDA:67,0,1,10
BRDA:73,1,0,3
BRDA:73,1,1,0
BRDA:86,2,0,3
BRDA:86,2,1,0
BRDA:87,3,0,3
BRDA:87,3,1,0
BRDA:101,4,0,0
BRDA:101,4,1,3
BRDA:102,5,0,0
BRDA:102,5,1,3
BRDA:103,6,0,0
BRDA:103,6,1,3
BRDA:116,7,0,0
BRDA:116,7,1,0
BRDA:142,8,0,5
BRDA:142,8,1,3
BRDA:149,9,0,5
BRDA:149,9,1,3
BRDA:156,10,0,5
BRDA:156,10,1,3
BRDA:160,11,0,0
BRDA:160,11,1,0
BRDA:163,12,0,0
BRDA:163,12,1,0
BRDA:172,13,0,0
BRDA:172,13,1,0
BRDA:173,14,0,0
BRDA:173,14,1,0
BRDA:173,15,0,0
BRDA:173,15,1,0
BRDA:260,16,0,0
BRDA:260,16,1,14
BRF:34
BRH:15
end_of_record
TN:
SF:src\hooks\useTreeExpansion.ts
FN:5,readStoredKeys
FN:17,writeStoredKeys
FN:22,useTreeExpansion
FN:27,(anonymous_3)
FN:30,(anonymous_4)
FN:33,(anonymous_5)
FN:38,(anonymous_6)
FN:55,(anonymous_7)
FN:62,(anonymous_8)
FN:64,(anonymous_9)
FN:66,(anonymous_10)
FN:77,(anonymous_11)
FN:83,(anonymous_12)
FNF:13
FNH:13
FNDA:18,readStoredKeys
FNDA:9,writeStoredKeys
FNDA:59,useTreeExpansion
FNDA:24,(anonymous_3)
FNDA:24,(anonymous_4)
FNDA:22,(anonymous_5)
FNDA:3,(anonymous_6)
FNDA:13,(anonymous_7)
FNDA:68,(anonymous_8)
FNDA:7,(anonymous_9)
FNDA:7,(anonymous_10)
FNDA:3,(anonymous_11)
FNDA:3,(anonymous_12)
DA:1,3
DA:6,18
DA:7,18
DA:8,18
DA:9,18
DA:10,1
DA:11,1
DA:13,0
DA:18,9
DA:19,9
DA:26,59
DA:27,59
DA:28,59
DA:30,59
DA:31,24
DA:33,22
DA:34,22
DA:35,22
DA:36,22
DA:37,22
DA:38,3
DA:39,1
DA:41,21
DA:44,0
DA:45,0
DA:46,0
DA:48,0
DA:49,0
DA:51,0
DA:55,59
DA:57,13
DA:62,68
DA:64,59
DA:66,7
DA:67,7
DA:68,7
DA:69,4
DA:70,7
DA:71,7
DA:77,59
DA:78,3
DA:79,3
DA:80,3
DA:83,59
DA:84,3
DA:85,3
DA:88,59
LF:47
LH:40
BRDA:6,0,0,0
BRDA:6,0,1,18
BRDA:9,1,0,17
BRDA:9,1,1,1
BRDA:18,2,0,0
BRDA:18,2,1,9
BRDA:26,3,0,59
BRDA:26,4,0,59
BRDA:26,4,1,6
BRDA:31,5,0,2
BRDA:31,5,1,22
BRDA:34,6,0,22
BRDA:34,6,1,0
BRDA:36,7,0,18
BRDA:36,7,1,4
BRDA:37,8,0,1
BRDA:37,8,1,21
BRDA:39,9,0,1
BRDA:39,9,1,0
BRDA:41,10,0,14
BRDA:41,10,1,7
BRDA:46,11,0,0
BRDA:46,11,1,0
BRDA:46,12,0,0
BRDA:46,12,1,0
BRDA:49,13,0,0
BRDA:49,13,1,0
BRDA:57,14,0,9
BRDA:57,14,1,4
BRDA:68,15,0,3
BRDA:68,15,1,4
BRF:31
BRH:21
end_of_record
TN:
SF:src\lib\api.ts
FN:5,getToken
FN:10,setToken
FN:16,api
FN:52,(anonymous_3)
FNF:4
FNH:3
FNDA:26,getToken
FNDA:6,setToken
FNDA:26,api
FNDA:0,(anonymous_3)
DA:3,3
DA:6,26
DA:7,26
DA:11,6
DA:12,6
DA:13,2
DA:20,26
DA:21,26
DA:22,26
DA:26,26
DA:27,11
DA:30,26
DA:31,26
DA:34,26
DA:35,26
DA:40,1
DA:46,1
DA:51,25
DA:52,25
DA:54,25
DA:55,5
DA:61,5
DA:62,5
DA:63,1
DA:64,1
DA:68,0
DA:71,20
DA:72,20
LF:28
LH:27
BRDA:3,0,0,3
BRDA:3,0,1,3
BRDA:6,1,0,0
BRDA:6,1,1,26
BRDA:11,2,0,0
BRDA:11,2,1,6
BRDA:12,3,0,4
BRDA:12,3,1,2
BRDA:18,4,0,26
BRDA:21,5,0,26
BRDA:21,5,1,23
BRDA:24,6,0,26
BRDA:24,6,1,26
BRDA:26,7,0,11
BRDA:26,7,1,15
BRDA:54,8,0,5
BRDA:54,8,1,20
BRDA:62,9,0,4
BRDA:62,9,1,1
BRDA:63,10,0,1
BRDA:63,10,1,0
BRDA:63,11,0,1
BRDA:63,11,1,1
BRDA:68,12,0,0
BRDA:68,12,1,0
BRF:25
BRH:20
end_of_record
TN:
SF:src\lib\countdown.ts
FN:1,formatCountdown
FNF:1
FNH:1
FNDA:22,formatCountdown
DA:2,22
DA:3,18
DA:4,18
DA:5,18
DA:6,18
DA:7,18
DA:8,18
DA:9,18
DA:10,18
DA:11,18
DA:12,18
DA:13,18
DA:14,18
DA:15,18
LF:14
LH:14
BRDA:2,0,0,4
BRDA:2,0,1,18
BRDA:10,1,0,1
BRDA:10,1,1,17
BRDA:11,2,0,2
BRDA:11,2,1,16
BRDA:12,3,0,2
BRDA:12,3,1,16
BRDA:13,4,0,3
BRDA:13,4,1,15
BRF:10
BRH:10
end_of_record
TN:
SF:src\lib\logger.ts
FN:12,isTestEnv
FN:16,isDevEnv
FN:20,envMinLevel
FN:29,shouldLog
FN:37,setClientLogContext
FN:42,clearClientLogField
FN:49,_resetClientLogContextForTests
FN:53,browserContext
FN:61,emit
FN:83,(anonymous_9)
FN:84,(anonymous_10)
FN:85,(anonymous_11)
FN:86,(anonymous_12)
FNF:13
FNH:13
FNDA:68,isTestEnv
FNDA:6,isDevEnv
FNDA:8,envMinLevel
FNDA:68,shouldLog
FNDA:4,setClientLogContext
FNDA:3,clearClientLogField
FNDA:6,_resetClientLogContextForTests
FNDA:6,browserContext
FNDA:68,emit
FNDA:47,(anonymous_9)
FNDA:9,(anonymous_10)
FNDA:7,(anonymous_11)
FNDA:5,(anonymous_12)
DA:5,6
DA:13,68
DA:17,6
DA:22,8
DA:25,8
DA:26,6
DA:30,68
DA:31,8
DA:34,6
DA:38,4
DA:43,3
DA:44,3
DA:45,3
DA:50,6
DA:54,6
DA:55,6
DA:62,68
DA:63,6
DA:72,68
DA:79,68
DA:82,6
DA:83,47
DA:84,9
DA:85,7
DA:86,5
LF:25
LH:25
BRDA:13,0,0,68
BRDA:13,0,1,68
BRDA:17,1,0,6
BRDA:17,1,1,6
BRDA:22,2,0,8
BRDA:22,2,1,8
BRDA:22,2,2,6
BRDA:25,3,0,2
BRDA:25,3,1,6
BRDA:25,4,0,8
BRDA:25,4,1,2
BRDA:26,5,0,5
BRDA:26,5,1,1
BRDA:30,6,0,60
BRDA:30,6,1,8
BRDA:54,7,0,0
BRDA:54,7,1,6
BRDA:62,8,0,62
BRDA:62,8,1,6
BRDA:66,9,0,6
BRDA:66,9,1,5
BRDA:72,10,0,1
BRDA:72,10,1,5
BRDA:74,11,0,2
BRDA:74,11,1,3
BRDA:76,12,0,0
BRDA:76,12,1,3
BRF:27
BRH:25
end_of_record
TN:
SF:src\lib\phoneFormat.ts
FN:2,digitsOnly
FN:9,formatPhoneDisplay
FN:18,formatPhoneInput
FNF:3
FNH:3
FNDA:31,digitsOnly
FNDA:26,formatPhoneDisplay
FNDA:2,formatPhoneInput
DA:3,31
DA:4,31
DA:5,28
DA:10,26
DA:11,26
DA:12,25
DA:13,24
DA:14,22
DA:19,2
LF:9
LH:9
BRDA:4,0,0,3
BRDA:4,0,1,28
BRDA:4,1,0,31
BRDA:4,1,1,3
BRDA:11,2,0,1
BRDA:11,2,1,25
BRDA:12,3,0,1
BRDA:12,3,1,24
BRDA:13,4,0,2
BRDA:13,4,1,22
BRF:10
BRH:10
end_of_record
TN:
SF:src\lib\physicianPhonePreference.ts
FN:8,loadPhysicianPhonePreference
FN:20,savePhysicianPhonePreference
FNF:2
FNH:2
FNDA:3,loadPhysicianPhonePreference
FNDA:1,savePhysicianPhonePreference
DA:9,3
DA:10,0
DA:12,3
DA:13,3
DA:14,2
DA:15,2
DA:21,1
DA:22,1
LF:8
LH:7
BRDA:9,0,0,0
BRDA:9,0,1,3
BRDA:13,1,0,1
BRDA:13,1,1,2
BRDA:15,2,0,1
BRDA:15,2,1,1
BRDA:21,3,0,0
BRDA:21,3,1,1
BRF:8
BRH:6
end_of_record
TN:
SF:src\lib\physicianPhones.ts
FN:10,normalizePhone
FN:14,phonesMatch
FN:18,formatPhysicianSmsBody
FNF:3
FNH:3
FNDA:8,normalizePhone
FNDA:2,phonesMatch
FNDA:1,formatPhysicianSmsBody
DA:1,2
DA:2,2
DA:4,2
DA:11,8
DA:15,2
DA:26,1
LF:6
LH:6
BRF:0
BRH:0
end_of_record
TN:
SF:src\lib\types.ts
FNF:0
FNH:0
LF:0
LH:0
BRF:0
BRH:0
end_of_record
