TN:
SF:src\components\ActivityTree.tsx
FN:22,patientKey
FN:26,campaignKey
FN:30,statusColor
FN:36,ActivityTree
FN:46,(anonymous_4)
FN:71,(anonymous_5)
FN:87,(anonymous_6)
FN:94,(anonymous_7)
FN:108,(anonymous_8)
FN:126,(anonymous_9)
FN:143,(anonymous_10)
FN:150,(anonymous_11)
FN:165,(anonymous_12)
FNF:13
FNH:12
FNDA:37,patientKey
FNDA:21,campaignKey
FNDA:11,statusColor
FNDA:28,ActivityTree
FNDA:12,(anonymous_4)
FNDA:26,(anonymous_5)
FNDA:1,(anonymous_6)
FNDA:1,(anonymous_7)
FNDA:1,(anonymous_8)
FNDA:11,(anonymous_9)
FNDA:0,(anonymous_10)
FNDA:1,(anonymous_11)
FNDA:11,(anonymous_12)
DA:1,1
DA:23,37
DA:27,21
DA:31,11
DA:32,0
DA:33,0
DA:46,28
DA:47,12
DA:48,12
DA:49,11
DA:50,11
DA:51,10
DA:54,12
DA:57,28
DA:61,28
DA:63,28
DA:64,2
DA:67,26
DA:72,26
DA:73,26
DA:74,26
DA:76,26
DA:78,26
DA:87,1
DA:94,1
DA:109,1
DA:110,1
DA:115,1
DA:127,11
DA:128,11
DA:129,11
DA:130,11
DA:132,11
DA:143,0
DA:150,1
DA:167,11
DA:170,11
LF:37
LH:34
BRDA:31,0,0,11
BRDA:31,0,1,0
BRDA:32,1,0,0
BRDA:32,1,1,0
BRDA:44,2,0,28
BRDA:50,3,0,11
BRDA:50,3,1,0
BRDA:63,4,0,2
BRDA:63,4,1,26
BRDA:74,5,0,26
BRDA:74,5,1,0
BRDA:76,6,0,26
BRDA:76,6,1,2
BRDA:82,7,0,0
BRDA:82,7,1,26
BRDA:97,8,0,26
BRDA:97,8,1,24
BRDA:103,9,0,26
BRDA:103,9,1,2
BRDA:103,9,2,2
BRDA:110,10,0,1
BRDA:110,10,1,0
BRDA:124,11,0,26
BRDA:124,11,1,12
BRDA:124,11,2,11
BRDA:129,12,0,11
BRDA:129,12,1,0
BRDA:130,13,0,11
BRDA:130,13,1,0
BRDA:136,14,0,1
BRDA:136,14,1,10
BRDA:163,15,0,11
BRDA:163,15,1,11
BRDA:163,15,2,11
BRDA:167,16,0,0
BRDA:167,16,1,11
BRDA:178,17,0,11
BRDA:178,17,1,0
BRDA:181,18,0,0
BRDA:181,18,1,11
BRDA:183,19,0,0
BRDA:183,19,1,11
BRDA:198,20,0,26
BRDA:198,20,1,12
BRDA:198,20,2,1
BRF:45
BRH:32
end_of_record
TN:
SF:src\components\CompletedThreadsPanel.tsx
FN:21,patientKey
FN:25,campaignKey
FN:29,purgeDate
FN:35,groupByPatient
FN:46,(anonymous_4)
FN:51,CompletedThreadsPanel
FN:52,(anonymous_6)
FN:54,(anonymous_7)
FN:84,(anonymous_8)
FN:93,(anonymous_9)
FN:109,(anonymous_10)
FN:131,(anonymous_11)
FN:162,(anonymous_12)
FNF:13
FNH:11
FNDA:19,patientKey
FNDA:10,campaignKey
FNDA:4,purgeDate
FNDA:6,groupByPatient
FNDA:0,(anonymous_4)
FNDA:16,CompletedThreadsPanel
FNDA:6,(anonymous_6)
FNDA:6,(anonymous_7)
FNDA:14,(anonymous_8)
FNDA:3,(anonymous_9)
FNDA:4,(anonymous_10)
FNDA:0,(anonymous_11)
FNDA:1,(anonymous_12)
DA:1,1
DA:22,19
DA:26,10
DA:30,4
DA:36,6
DA:37,6
DA:38,6
DA:39,6
DA:40,6
DA:41,1
DA:43,5
DA:46,6
DA:47,0
DA:52,16
DA:54,16
DA:55,6
DA:56,6
DA:57,5
DA:58,5
DA:59,6
DA:62,6
DA:65,16
DA:69,16
DA:71,16
DA:72,2
DA:80,14
DA:85,14
DA:86,14
DA:88,14
DA:93,3
DA:110,4
DA:111,4
DA:112,4
DA:113,4
DA:114,4
DA:116,4
DA:126,4
DA:131,0
DA:163,1
LF:39
LH:37
BRDA:38,0,0,0
BRDA:38,0,1,6
BRDA:38,1,0,6
BRDA:38,1,1,6
BRDA:40,2,0,1
BRDA:40,2,1,5
BRDA:71,3,0,2
BRDA:71,3,1,14
BRDA:107,4,0,14
BRDA:107,4,1,4
BRDA:112,5,0,4
BRDA:112,5,1,0
BRDA:113,6,0,4
BRDA:113,6,1,0
BRDA:116,7,0,0
BRDA:116,7,1,4
BRDA:140,8,0,3
BRDA:140,8,1,1
BRDA:152,9,0,0
BRDA:152,9,1,4
BRDA:154,10,0,0
BRDA:154,10,1,4
BRDA:160,11,0,4
BRDA:160,11,1,1
BRDA:160,11,2,1
BRF:25
BRH:19
end_of_record
TN:
SF:src\components\ErrorBoundary.tsx
FN:30,(anonymous_0)
FN:18,(anonymous_1)
FN:22,(anonymous_2)
FN:34,(anonymous_3)
FNF:4
FNH:4
FNDA:1,(anonymous_0)
FNDA:1,(anonymous_1)
FNDA:3,(anonymous_2)
FNDA:15,(anonymous_3)
DA:1,1
DA:16,8
DA:19,6
DA:23,3
DA:30,8
DA:31,1
DA:35,15
DA:36,15
DA:38,6
DA:39,2
DA:42,4
LF:11
LH:11
BRDA:36,0,0,9
BRDA:36,0,1,6
BRDA:38,1,0,2
BRDA:38,1,1,4
BRF:4
BRH:4
end_of_record
TN:
SF:src\components\MessagesPane.tsx
FN:21,MessagesPane
FN:43,(anonymous_1)
FN:47,(anonymous_2)
FN:53,handlePhysicianPhoneChange
FN:59,startCampaign
FN:99,toggleScheduledResponse
FN:115,(anonymous_6)
FN:126,cancelCampaign
FN:144,(anonymous_8)
FN:184,(anonymous_9)
FN:190,(anonymous_10)
FN:203,(anonymous_11)
FN:206,(anonymous_12)
FN:221,(anonymous_13)
FN:280,(anonymous_14)
FN:298,(anonymous_15)
FNF:16
FNH:11
FNDA:15,MessagesPane
FNDA:3,(anonymous_1)
FNDA:3,(anonymous_2)
FNDA:3,handlePhysicianPhoneChange
FNDA:3,startCampaign
FNDA:0,toggleScheduledResponse
FNDA:0,(anonymous_6)
FNDA:0,cancelCampaign
FNDA:15,(anonymous_8)
FNDA:3,(anonymous_9)
FNDA:45,(anonymous_10)
FNDA:2,(anonymous_11)
FNDA:15,(anonymous_12)
FNDA:8,(anonymous_13)
FNDA:0,(anonymous_14)
FNDA:0,(anonymous_15)
DA:1,1
DA:30,15
DA:32,15
DA:33,15
DA:36,15
DA:37,15
DA:38,15
DA:39,15
DA:43,15
DA:44,3
DA:47,15
DA:48,3
DA:49,0
DA:54,3
DA:55,3
DA:56,3
DA:60,3
DA:61,3
DA:62,1
DA:63,1
DA:65,2
DA:66,2
DA:67,1
DA:68,1
DA:70,1
DA:71,1
DA:72,1
DA:73,1
DA:84,1
DA:85,1
DA:86,1
DA:87,1
DA:91,1
DA:93,0
DA:95,1
DA:103,0
DA:104,0
DA:105,0
DA:106,0
DA:113,0
DA:116,0
DA:120,0
DA:122,0
DA:127,0
DA:128,0
DA:129,0
DA:133,0
DA:134,0
DA:138,0
DA:140,0
DA:144,15
DA:146,15
DA:184,3
DA:191,45
DA:203,2
DA:207,15
DA:222,8
DA:282,0
DA:283,0
DA:284,0
DA:299,0
LF:61
LH:40
BRDA:48,0,0,0
BRDA:48,0,1,3
BRDA:60,1,0,0
BRDA:60,1,1,3
BRDA:61,2,0,1
BRDA:61,2,1,2
BRDA:66,3,0,1
BRDA:66,3,1,1
BRDA:93,4,0,0
BRDA:93,4,1,0
BRDA:103,5,0,0
BRDA:103,5,1,0
BRDA:103,6,0,0
BRDA:103,6,1,0
BRDA:115,7,0,0
BRDA:115,7,1,0
BRDA:116,8,0,0
BRDA:116,8,1,0
BRDA:120,9,0,0
BRDA:120,9,1,0
BRDA:127,10,0,0
BRDA:127,10,1,0
BRDA:140,11,0,0
BRDA:140,11,1,0
BRDA:154,12,0,0
BRDA:154,12,1,15
BRDA:214,13,0,15
BRDA:214,13,1,8
BRDA:214,13,2,8
BRDA:218,14,0,8
BRDA:218,14,1,0
BRDA:233,15,0,8
BRDA:233,15,1,0
BRDA:250,16,0,15
BRDA:250,16,1,0
BRDA:261,17,0,15
BRDA:261,17,1,2
BRDA:263,18,0,15
BRDA:263,18,1,0
BRDA:266,19,0,0
BRDA:266,19,1,0
BRDA:280,20,0,0
BRDA:280,20,1,0
BRDA:282,21,0,0
BRDA:282,21,1,0
BRDA:303,22,0,0
BRDA:303,22,1,0
BRDA:305,23,0,0
BRDA:305,23,1,0
BRDA:311,24,0,0
BRDA:311,24,1,0
BRF:51
BRH:16
end_of_record
TN:
SF:src\components\PatientPane.tsx
FN:9,PatientPane
FN:24,(anonymous_1)
FN:29,(anonymous_2)
FN:31,(anonymous_3)
FN:34,(anonymous_4)
FN:37,selectPatient
FN:49,handleSubmit
FN:87,(anonymous_7)
FN:94,(anonymous_8)
FN:129,(anonymous_9)
FN:132,(anonymous_10)
FN:137,(anonymous_11)
FN:145,(anonymous_12)
FN:152,(anonymous_13)
FN:152,(anonymous_14)
FNF:15
FNH:10
FNDA:46,PatientPane
FNDA:5,(anonymous_1)
FNDA:1,(anonymous_2)
FNDA:1,(anonymous_3)
FNDA:3,(anonymous_4)
FNDA:0,selectPatient
FNDA:1,handleSubmit
FNDA:230,(anonymous_7)
FNDA:36,(anonymous_8)
FNDA:3,(anonymous_9)
FNDA:1,(anonymous_10)
FNDA:0,(anonymous_11)
FNDA:0,(anonymous_12)
FNDA:0,(anonymous_13)
FNDA:0,(anonymous_14)
DA:1,1
DA:10,46
DA:12,46
DA:19,46
DA:20,46
DA:21,46
DA:22,46
DA:24,46
DA:25,5
DA:26,2
DA:27,2
DA:29,3
DA:30,1
DA:31,1
DA:34,3
DA:38,0
DA:45,0
DA:46,0
DA:50,1
DA:51,1
DA:52,1
DA:53,1
DA:54,1
DA:61,1
DA:62,1
DA:63,1
DA:65,0
DA:67,1
DA:71,46
DA:88,230
DA:95,36
DA:129,3
DA:133,1
DA:137,0
DA:146,0
DA:151,0
DA:152,0
LF:37
LH:29
BRDA:25,0,0,2
BRDA:25,0,1,3
BRDA:65,1,0,0
BRDA:65,1,1,0
BRDA:98,2,0,10
BRDA:98,2,1,26
BRDA:103,3,0,46
BRDA:103,3,1,184
BRDA:110,4,0,46
BRDA:110,4,1,0
BRDA:141,5,0,1
BRDA:141,5,1,1
BRDA:146,6,0,0
BRDA:146,6,1,0
BRDA:161,7,0,46
BRDA:161,7,1,4
BRDA:161,7,2,3
BRF:17
BRH:12
end_of_record
TN:
SF:src\components\PatientPhoneSimulator.tsx
FN:10,PatientPhoneSimulator
FN:19,(anonymous_1)
FN:24,(anonymous_2)
FN:27,(anonymous_3)
FN:34,(anonymous_4)
FN:37,(anonymous_5)
FN:43,(anonymous_6)
FN:45,(anonymous_7)
FN:49,(anonymous_8)
FN:50,(anonymous_9)
FN:68,handleSend
FN:119,(anonymous_11)
FN:160,(anonymous_12)
FNF:13
FNH:13
FNDA:17,PatientPhoneSimulator
FNDA:17,(anonymous_1)
FNDA:17,(anonymous_2)
FNDA:14,(anonymous_3)
FNDA:17,(anonymous_4)
FNDA:14,(anonymous_5)
FNDA:17,(anonymous_6)
FNDA:17,(anonymous_7)
FNDA:17,(anonymous_8)
FNDA:17,(anonymous_9)
FNDA:1,handleSend
FNDA:12,(anonymous_11)
FNDA:1,(anonymous_12)
DA:1,1
DA:11,17
DA:12,17
DA:13,17
DA:14,17
DA:15,17
DA:19,17
DA:24,17
DA:25,17
DA:27,14
DA:29,14
DA:31,3
DA:34,17
DA:35,17
DA:37,14
DA:39,0
DA:43,17
DA:44,17
DA:45,17
DA:46,17
DA:49,17
DA:50,17
DA:51,17
DA:52,17
DA:55,17
DA:69,1
DA:70,1
DA:71,1
DA:72,0
DA:73,0
DA:75,1
DA:76,1
DA:77,1
DA:78,1
DA:85,1
DA:86,1
DA:87,1
DA:89,0
DA:91,1
DA:95,17
DA:100,17
DA:119,12
DA:151,17
DA:160,1
LF:44
LH:40
BRDA:25,0,0,14
BRDA:25,0,1,3
BRDA:26,1,0,17
BRDA:26,1,1,14
BRDA:35,2,0,0
BRDA:35,2,1,17
BRDA:36,3,0,17
BRDA:36,3,1,14
BRDA:44,4,0,0
BRDA:44,4,1,17
BRDA:46,5,0,17
BRDA:46,5,1,0
BRDA:46,5,2,0
BRDA:52,6,0,17
BRDA:52,6,1,0
BRDA:60,7,0,17
BRDA:60,7,1,17
BRDA:61,8,0,17
BRDA:61,8,1,17
BRDA:62,9,0,17
BRDA:62,9,1,17
BRDA:70,10,0,0
BRDA:70,10,1,1
BRDA:71,11,0,0
BRDA:71,11,1,1
BRDA:89,12,0,0
BRDA:89,12,1,0
BRDA:95,13,0,17
BRDA:95,13,1,0
BRDA:104,14,0,17
BRDA:104,14,1,17
BRDA:110,15,0,17
BRDA:110,15,1,0
BRDA:121,16,0,17
BRDA:121,16,1,0
BRDA:123,17,0,17
BRDA:123,17,1,17
BRDA:129,18,0,17
BRDA:129,18,1,16
BRDA:129,18,2,12
BRDA:143,19,0,17
BRDA:143,19,1,0
BRDA:153,20,0,17
BRDA:153,20,1,0
BRF:44
BRH:30
end_of_record
TN:
SF:src\components\ResponseExpectedToggle.tsx
FN:13,ResponseExpectedToggle
FN:28,(anonymous_1)
FNF:2
FNH:2
FNDA:7,ResponseExpectedToggle
FNDA:1,(anonymous_1)
DA:1,1
DA:20,7
DA:21,7
DA:23,7
DA:28,1
LF:5
LH:5
BRDA:20,0,0,0
BRDA:20,0,1,7
BRDA:21,1,0,7
BRDA:21,1,1,7
BRDA:21,1,2,6
BRDA:30,2,0,5
BRDA:30,2,1,2
BRDA:35,3,0,5
BRDA:35,3,1,2
BRDA:37,4,0,5
BRDA:37,4,1,2
BRDA:51,5,0,7
BRDA:51,5,1,5
BRF:13
BRH:12
end_of_record
TN:
SF:src\components\SideNav.tsx
FN:13,SideNav
FN:22,(anonymous_1)
FN:26,(anonymous_2)
FN:42,(anonymous_3)
FNF:4
FNH:3
FNDA:3,SideNav
FNDA:12,(anonymous_1)
FNDA:1,(anonymous_2)
FNDA:0,(anonymous_3)
DA:1,1
DA:6,1
DA:14,3
DA:16,3
DA:23,12
DA:26,1
DA:43,0
DA:44,0
LF:8
LH:6
BRDA:28,0,0,3
BRDA:28,0,1,9
BRF:2
BRH:2
end_of_record
TN:
SF:src\components\SmsSimulator.tsx
FN:11,SmsSimulator
FN:16,clearAllMessages
FNF:2
FNH:2
FNDA:7,SmsSimulator
FNDA:3,clearAllMessages
DA:1,1
DA:12,7
DA:13,7
DA:14,7
DA:17,3
DA:22,1
DA:25,2
DA:26,2
DA:27,2
DA:28,2
DA:32,1
DA:34,1
DA:35,1
DA:36,1
DA:38,2
DA:42,7
LF:16
LH:16
BRDA:17,0,0,1
BRDA:17,0,1,2
BRDA:34,1,0,1
BRDA:34,1,1,0
BRDA:54,2,0,2
BRDA:54,2,1,5
BRDA:57,3,0,7
BRDA:57,3,1,1
BRF:8
BRH:7
end_of_record
TN:
SF:src\components\TemplatesPane.tsx
FN:10,(anonymous_0)
FN:20,TemplatesPane
FN:32,(anonymous_2)
FN:34,(anonymous_3)
FN:40,(anonymous_4)
FN:54,(anonymous_5)
FN:56,(anonymous_6)
FN:61,updateRow
FN:66,(anonymous_8)
FN:67,(anonymous_9)
FN:83,handleSave
FN:91,(anonymous_11)
FN:92,(anonymous_12)
FN:138,(anonymous_13)
FN:147,(anonymous_14)
FN:160,(anonymous_15)
FN:175,(anonymous_16)
FN:200,(anonymous_17)
FN:208,(anonymous_18)
FN:217,(anonymous_19)
FN:221,(anonymous_20)
FN:230,(anonymous_21)
FN:246,(anonymous_22)
FN:246,(anonymous_23)
FN:262,(anonymous_24)
FNF:25
FNH:0
FNDA:0,(anonymous_0)
FNDA:0,TemplatesPane
FNDA:0,(anonymous_2)
FNDA:0,(anonymous_3)
FNDA:0,(anonymous_4)
FNDA:0,(anonymous_5)
FNDA:0,(anonymous_6)
FNDA:0,updateRow
FNDA:0,(anonymous_8)
FNDA:0,(anonymous_9)
FNDA:0,handleSave
FNDA:0,(anonymous_11)
FNDA:0,(anonymous_12)
FNDA:0,(anonymous_13)
FNDA:0,(anonymous_14)
FNDA:0,(anonymous_15)
FNDA:0,(anonymous_16)
FNDA:0,(anonymous_17)
FNDA:0,(anonymous_18)
FNDA:0,(anonymous_19)
FNDA:0,(anonymous_20)
FNDA:0,(anonymous_21)
FNDA:0,(anonymous_22)
FNDA:0,(anonymous_23)
FNDA:0,(anonymous_24)
DA:1,0
DA:10,0
DA:21,0
DA:23,0
DA:24,0
DA:25,0
DA:26,0
DA:29,0
DA:30,0
DA:32,0
DA:33,0
DA:34,0
DA:35,0
DA:36,0
DA:37,0
DA:38,0
DA:40,0
DA:54,0
DA:55,0
DA:56,0
DA:57,0
DA:58,0
DA:66,0
DA:67,0
DA:68,0
DA:84,0
DA:85,0
DA:86,0
DA:87,0
DA:91,0
DA:92,0
DA:97,0
DA:98,0
DA:99,0
DA:100,0
DA:102,0
DA:103,0
DA:104,0
DA:109,0
DA:113,0
DA:115,0
DA:117,0
DA:119,0
DA:123,0
DA:139,0
DA:140,0
DA:141,0
DA:142,0
DA:148,0
DA:160,0
DA:175,0
DA:201,0
DA:208,0
DA:217,0
DA:223,0
DA:230,0
DA:246,0
DA:263,0
DA:268,0
DA:270,0
DA:271,0
DA:272,0
DA:273,0
DA:274,0
DA:275,0
DA:277,0
LF:66
LH:0
BRDA:33,0,0,0
BRDA:33,0,1,0
BRDA:35,1,0,0
BRDA:35,1,1,0
BRDA:37,2,0,0
BRDA:37,2,1,0
BRDA:39,3,0,0
BRDA:39,3,1,0
BRDA:55,4,0,0
BRDA:55,4,1,0
BRDA:55,5,0,0
BRDA:55,5,1,0
BRDA:57,6,0,0
BRDA:57,6,1,0
BRDA:68,7,0,0
BRDA:68,7,1,0
BRDA:72,8,0,0
BRDA:72,8,1,0
BRDA:74,9,0,0
BRDA:74,9,1,0
BRDA:76,10,0,0
BRDA:76,10,1,0
BRDA:84,11,0,0
BRDA:84,11,1,0
BRDA:97,12,0,0
BRDA:97,12,1,0
BRDA:97,13,0,0
BRDA:97,13,1,0
BRDA:103,14,0,0
BRDA:103,14,1,0
BRDA:117,15,0,0
BRDA:117,15,1,0
BRDA:126,16,0,0
BRDA:126,16,1,0
BRDA:140,17,0,0
BRDA:140,17,1,0
BRDA:241,18,0,0
BRDA:241,18,1,0
BRDA:258,19,0,0
BRDA:258,19,1,0
BRDA:263,20,0,0
BRDA:263,20,1,0
BRDA:277,21,0,0
BRDA:277,21,1,0
BRDA:287,22,0,0
BRDA:287,22,1,0
BRF:46
BRH:0
end_of_record
TN:
SF:src\components\ThreadsPane.tsx
FN:9,ThreadsPane
FN:22,selectTreePatient
FN:27,selectTreeCampaign
FNF:3
FNH:0
FNDA:0,ThreadsPane
FNDA:0,selectTreePatient
FNDA:0,selectTreeCampaign
DA:1,0
DA:19,0
DA:23,0
DA:24,0
DA:28,0
DA:29,0
DA:32,0
LF:7
LH:0
BRDA:56,0,0,0
BRDA:56,0,1,0
BRDA:57,1,0,0
BRDA:57,1,1,0
BRF:4
BRH:0
end_of_record
TN:
SF:src\components\phone\PhoneShell.tsx
FN:21,MessageBubble
FN:78,(anonymous_1)
FN:103,PhoneShell
FN:151,(anonymous_3)
FNF:4
FNH:4
FNDA:8,MessageBubble
FNDA:1,(anonymous_1)
FNDA:3,PhoneShell
FNDA:8,(anonymous_3)
DA:1,1
DA:28,8
DA:29,8
DA:32,8
DA:72,8
DA:78,1
DA:114,3
DA:116,3
DA:152,8
LF:9
LH:9
BRDA:29,0,0,8
BRDA:29,0,1,5
BRDA:29,0,2,3
BRDA:34,1,0,5
BRDA:34,1,1,3
BRDA:38,2,0,3
BRDA:38,2,1,5
BRDA:41,3,0,1
BRDA:41,3,1,7
BRDA:46,4,0,5
BRDA:46,4,1,3
BRDA:49,5,0,8
BRDA:49,5,1,5
BRDA:49,5,2,1
BRDA:54,6,0,8
BRDA:54,6,1,5
BRDA:54,6,2,3
BRDA:54,6,3,3
BRDA:59,7,0,8
BRDA:59,7,1,5
BRDA:59,7,2,0
BRDA:59,7,3,0
BRDA:73,8,0,5
BRDA:73,8,1,3
BRDA:74,9,0,1
BRDA:74,9,1,7
BRDA:111,10,0,3
BRDA:119,11,0,0
BRDA:119,11,1,3
BRDA:124,12,0,0
BRDA:124,12,1,3
BRDA:142,13,0,3
BRDA:142,13,1,3
BRDA:147,14,0,0
BRDA:147,14,1,3
BRF:35
BRH:30
end_of_record
TN:
SF:src\components\phone\PhysicianPhoneSimulator.tsx
FN:16,PhysicianPhoneSimulator
FN:24,(anonymous_1)
FN:26,(anonymous_2)
FN:27,(anonymous_3)
FNF:4
FNH:0
FNDA:0,PhysicianPhoneSimulator
FNDA:0,(anonymous_1)
FNDA:0,(anonymous_2)
FNDA:0,(anonymous_3)
DA:1,0
DA:22,0
DA:24,0
DA:25,0
DA:26,0
DA:27,0
DA:35,0
DA:39,0
LF:8
LH:0
BRDA:20,0,0,0
BRDA:35,1,0,0
BRDA:35,1,1,0
BRDA:45,2,0,0
BRDA:45,2,1,0
BRF:5
BRH:0
end_of_record
TN:
SF:src\components\phone\PhysicianPhonesPanel.tsx
FN:8,PhysicianPhonesPanel
FN:17,(anonymous_1)
FNF:2
FNH:0
FNDA:0,PhysicianPhonesPanel
FNDA:0,(anonymous_1)
DA:1,0
DA:9,0
DA:11,0
DA:18,0
LF:4
LH:0
BRF:0
BRH:0
end_of_record
TN:
SF:src\components\resize\ResizableSplit.tsx
FN:27,readStoredSize
FN:35,ResizableSplit
FN:51,(anonymous_2)
FN:57,(anonymous_3)
FN:61,(anonymous_4)
FN:69,(anonymous_5)
FN:70,(anonymous_6)
FN:82,(anonymous_7)
FN:94,(anonymous_8)
FN:100,(anonymous_9)
FNF:10
FNH:7
FNDA:0,readStoredSize
FNDA:3,ResizableSplit
FNDA:3,(anonymous_2)
FNDA:3,(anonymous_3)
FNDA:0,(anonymous_4)
FNDA:3,(anonymous_5)
FNDA:0,(anonymous_6)
FNDA:1,(anonymous_7)
FNDA:3,(anonymous_8)
FNDA:1,(anonymous_9)
DA:1,1
DA:28,0
DA:29,0
DA:30,0
DA:31,0
DA:32,0
DA:46,3
DA:47,3
DA:48,3
DA:49,3
DA:51,3
DA:52,3
DA:53,0
DA:57,3
DA:58,3
DA:61,3
DA:63,0
DA:64,0
DA:69,3
DA:70,3
DA:71,0
DA:72,0
DA:74,0
DA:76,0
DA:79,0
DA:82,3
DA:83,1
DA:84,1
DA:85,1
DA:86,1
DA:87,1
DA:88,0
DA:92,3
DA:93,3
DA:94,3
DA:95,3
DA:96,3
DA:100,3
DA:101,1
DA:102,1
DA:103,1
DA:105,1
DA:108,3
DA:110,3
LF:44
LH:30
BRDA:28,0,0,0
BRDA:28,0,1,0
BRDA:30,1,0,0
BRDA:30,1,1,0
BRDA:32,2,0,0
BRDA:32,2,1,0
BRDA:40,3,0,3
BRDA:44,4,0,3
BRDA:52,5,0,0
BRDA:52,5,1,3
BRDA:71,6,0,0
BRDA:71,6,1,0
BRDA:71,7,0,0
BRDA:71,7,1,0
BRDA:74,8,0,0
BRDA:74,8,1,0
BRDA:76,9,0,0
BRDA:76,9,1,0
BRDA:83,10,0,0
BRDA:83,10,1,1
BRDA:87,11,0,0
BRDA:87,11,1,1
BRDA:104,12,0,1
BRDA:104,12,1,0
BRDA:113,13,0,2
BRDA:113,13,1,1
BRDA:118,14,0,2
BRDA:118,14,1,1
BRDA:128,15,0,2
BRDA:128,15,1,1
BRDA:132,16,0,2
BRDA:132,16,1,1
BRDA:139,17,0,2
BRDA:139,17,1,1
BRF:34
BRH:16
end_of_record
TN:
SF:src\components\tree\TreeChevron.tsx
FN:10,TreeChevron
FN:19,(anonymous_1)
FNF:2
FNH:2
FNDA:58,TreeChevron
FNDA:5,(anonymous_1)
DA:1,3
DA:11,58
DA:12,3
DA:15,55
DA:20,5
DA:21,5
LF:6
LH:6
BRDA:11,0,0,3
BRDA:11,0,1,55
BRDA:24,1,0,28
BRDA:24,1,1,27
BRDA:28,2,0,28
BRDA:28,2,1,27
BRF:6
BRH:6
end_of_record
TN:
SF:src\components\tree\TreeToolbar.tsx
FN:8,TreeToolbar
FNF:1
FNH:1
FNDA:41,TreeToolbar
DA:1,3
DA:9,41
LF:2
LH:2
BRF:0
BRH:0
end_of_record
TN:
SF:src\context\AppContext.tsx
FN:54,AppProvider
FN:70,(anonymous_1)
FN:80,(anonymous_2)
FN:94,(anonymous_3)
FN:99,(anonymous_4)
FN:114,(anonymous_5)
FN:126,(anonymous_6)
FN:134,(anonymous_7)
FN:136,(anonymous_8)
FN:137,(anonymous_9)
FN:138,(anonymous_10)
FN:141,(anonymous_11)
FN:148,(anonymous_12)
FN:151,(anonymous_13)
FN:152,(anonymous_14)
FN:155,(anonymous_15)
FN:157,(anonymous_16)
FN:162,(anonymous_17)
FN:171,(anonymous_18)
FN:179,(anonymous_19)
FN:182,(anonymous_20)
FN:193,(anonymous_21)
FN:205,(anonymous_22)
FN:258,useApp
FNF:24
FNH:18
FNDA:18,AppProvider
FNDA:5,(anonymous_1)
FNDA:5,(anonymous_2)
FNDA:5,(anonymous_3)
FNDA:5,(anonymous_4)
FNDA:0,(anonymous_5)
FNDA:0,(anonymous_6)
FNDA:6,(anonymous_7)
FNDA:3,(anonymous_8)
FNDA:3,(anonymous_9)
FNDA:6,(anonymous_10)
FNDA:12,(anonymous_11)
FNDA:12,(anonymous_12)
FNDA:0,(anonymous_13)
FNDA:5,(anonymous_14)
FNDA:12,(anonymous_15)
FNDA:0,(anonymous_16)
FNDA:0,(anonymous_17)
FNDA:0,(anonymous_18)
FNDA:5,(anonymous_19)
FNDA:2,(anonymous_20)
FNDA:1,(anonymous_21)
FNDA:18,(anonymous_22)
FNDA:18,useApp
DA:1,1
DA:52,1
DA:55,18
DA:56,18
DA:57,18
DA:58,18
DA:59,18
DA:60,18
DA:61,18
DA:62,18
DA:63,18
DA:64,18
DA:65,18
DA:67,18
DA:68,18
DA:70,18
DA:71,5
DA:72,5
DA:73,5
DA:75,0
DA:76,0
DA:80,18
DA:81,5
DA:82,5
DA:86,5
DA:87,5
DA:89,0
DA:90,0
DA:94,18
DA:95,5
DA:96,5
DA:99,18
DA:100,5
DA:101,5
DA:102,5
DA:103,5
DA:105,5
DA:109,4
DA:110,4
DA:113,18
DA:115,0
DA:116,0
DA:117,0
DA:118,0
DA:120,0
DA:125,18
DA:127,0
DA:128,0
DA:129,0
DA:134,18
DA:135,6
DA:136,3
DA:137,3
DA:138,6
DA:141,18
DA:142,12
DA:143,5
DA:144,5
DA:145,5
DA:148,18
DA:149,12
DA:150,5
DA:151,5
DA:152,5
DA:155,18
DA:156,12
DA:157,5
DA:158,0
DA:159,0
DA:160,0
DA:161,0
DA:163,0
DA:164,0
DA:166,0
DA:167,0
DA:168,0
DA:172,0
DA:173,0
DA:174,0
DA:179,5
DA:182,18
DA:183,2
DA:187,2
DA:188,2
DA:189,2
DA:190,2
DA:193,18
DA:194,1
DA:195,1
DA:196,1
DA:197,1
DA:198,1
DA:199,1
DA:200,1
DA:201,1
DA:202,1
DA:205,18
DA:206,18
DA:255,18
DA:259,18
DA:260,18
DA:261,18
LF:102
LH:78
BRDA:67,0,0,18
BRDA:67,0,1,11
BRDA:73,1,0,5
BRDA:73,1,1,0
BRDA:86,2,0,5
BRDA:86,2,1,0
BRDA:87,3,0,5
BRDA:87,3,1,0
BRDA:101,4,0,0
BRDA:101,4,1,5
BRDA:102,5,0,0
BRDA:102,5,1,5
BRDA:103,6,0,0
BRDA:103,6,1,5
BRDA:116,7,0,0
BRDA:116,7,1,0
BRDA:142,8,0,7
BRDA:142,8,1,5
BRDA:149,9,0,7
BRDA:149,9,1,5
BRDA:156,10,0,7
BRDA:156,10,1,5
BRDA:160,11,0,0
BRDA:160,11,1,0
BRDA:163,12,0,0
BRDA:163,12,1,0
BRDA:172,13,0,0
BRDA:172,13,1,0
BRDA:173,14,0,0
BRDA:173,14,1,0
BRDA:173,15,0,0
BRDA:173,15,1,0
BRDA:260,16,0,0
BRDA:260,16,1,18
BRF:34
BRH:15
end_of_record
TN:
SF:src\hooks\useNow.ts
FN:6,useNow
FN:9,(anonymous_1)
FN:11,(anonymous_2)
FN:12,(anonymous_3)
FNF:4
FNH:4
FNDA:64,useNow
FNDA:23,(anonymous_1)
FNDA:1,(anonymous_2)
FNDA:23,(anonymous_3)
DA:1,4
DA:7,64
DA:9,64
DA:10,23
DA:11,23
DA:12,23
DA:15,64
LF:7
LH:7
BRDA:6,0,0,64
BRF:1
BRH:1
end_of_record
TN:
SF:src\hooks\useTreeExpansion.ts
FN:5,readStoredKeys
FN:17,writeStoredKeys
FN:22,useTreeExpansion
FN:27,(anonymous_3)
FN:30,(anonymous_4)
FN:33,(anonymous_5)
FN:38,(anonymous_6)
FN:55,(anonymous_7)
FN:62,(anonymous_8)
FN:64,(anonymous_9)
FN:66,(anonymous_10)
FN:77,(anonymous_11)
FN:83,(anonymous_12)
FNF:13
FNH:13
FNDA:18,readStoredKeys
FNDA:9,writeStoredKeys
FNDA:61,useTreeExpansion
FNDA:24,(anonymous_3)
FNDA:24,(anonymous_4)
FNDA:22,(anonymous_5)
FNDA:3,(anonymous_6)
FNDA:13,(anonymous_7)
FNDA:68,(anonymous_8)
FNDA:7,(anonymous_9)
FNDA:7,(anonymous_10)
FNDA:3,(anonymous_11)
FNDA:3,(anonymous_12)
DA:1,3
DA:6,18
DA:7,18
DA:8,18
DA:9,18
DA:10,1
DA:11,1
DA:13,0
DA:18,9
DA:19,9
DA:26,61
DA:27,61
DA:28,61
DA:30,61
DA:31,24
DA:33,22
DA:34,22
DA:35,22
DA:36,22
DA:37,22
DA:38,3
DA:39,1
DA:41,21
DA:44,0
DA:45,0
DA:46,0
DA:48,0
DA:49,0
DA:51,0
DA:55,61
DA:57,13
DA:62,68
DA:64,61
DA:66,7
DA:67,7
DA:68,7
DA:69,4
DA:70,7
DA:71,7
DA:77,61
DA:78,3
DA:79,3
DA:80,3
DA:83,61
DA:84,3
DA:85,3
DA:88,61
LF:47
LH:40
BRDA:6,0,0,0
BRDA:6,0,1,18
BRDA:9,1,0,17
BRDA:9,1,1,1
BRDA:18,2,0,0
BRDA:18,2,1,9
BRDA:26,3,0,61
BRDA:26,4,0,61
BRDA:26,4,1,6
BRDA:31,5,0,2
BRDA:31,5,1,22
BRDA:34,6,0,22
BRDA:34,6,1,0
BRDA:36,7,0,18
BRDA:36,7,1,4
BRDA:37,8,0,1
BRDA:37,8,1,21
BRDA:39,9,0,1
BRDA:39,9,1,0
BRDA:41,10,0,14
BRDA:41,10,1,7
BRDA:46,11,0,0
BRDA:46,11,1,0
BRDA:46,12,0,0
BRDA:46,12,1,0
BRDA:49,13,0,0
BRDA:49,13,1,0
BRDA:57,14,0,9
BRDA:57,14,1,4
BRDA:68,15,0,3
BRDA:68,15,1,4
BRF:31
BRH:21
end_of_record
TN:
SF:src\lib\api.ts
FN:5,createRequestId
FN:12,getToken
FN:17,setToken
FN:23,api
FN:50,(anonymous_4)
FN:81,(anonymous_5)
FNF:6
FNH:4
FNDA:42,createRequestId
FNDA:42,getToken
FNDA:14,setToken
FNDA:42,api
FNDA:0,(anonymous_4)
FNDA:0,(anonymous_5)
DA:3,3
DA:6,42
DA:7,42
DA:9,0
DA:13,42
DA:14,42
DA:18,14
DA:19,14
DA:20,7
DA:27,42
DA:28,42
DA:29,42
DA:30,42
DA:34,42
DA:35,14
DA:38,42
DA:39,42
DA:40,2
DA:42,42
DA:43,4
DA:46,42
DA:47,42
DA:49,42
DA:50,42
DA:53,42
DA:54,42
DA:62,3
DA:63,3
DA:64,1
DA:65,1
DA:67,2
DA:74,2
DA:78,39
DA:80,39
DA:81,39
DA:83,39
DA:84,7
DA:91,7
DA:92,5
DA:93,5
DA:95,2
DA:96,2
DA:97,1
DA:98,1
DA:102,0
DA:105,32
DA:112,32
LF:47
LH:45
BRDA:3,0,0,3
BRDA:3,0,1,3
BRDA:6,1,0,42
BRDA:6,1,1,0
BRDA:6,2,0,42
BRDA:6,2,1,42
BRDA:13,3,0,0
BRDA:13,3,1,42
BRDA:18,4,0,0
BRDA:18,4,1,14
BRDA:19,5,0,7
BRDA:19,5,1,7
BRDA:25,6,0,42
BRDA:28,7,0,42
BRDA:28,7,1,38
BRDA:32,8,0,42
BRDA:32,8,1,42
BRDA:34,9,0,14
BRDA:34,9,1,28
BRDA:39,10,0,2
BRDA:39,10,1,40
BRDA:39,11,0,42
BRDA:39,11,1,40
BRDA:42,12,0,4
BRDA:42,12,1,38
BRDA:63,13,0,1
BRDA:63,13,1,2
BRDA:83,14,0,7
BRDA:83,14,1,32
BRDA:91,15,0,5
BRDA:91,15,1,2
BRDA:96,16,0,1
BRDA:96,16,1,1
BRDA:97,17,0,1
BRDA:97,17,1,0
BRDA:97,18,0,1
BRDA:97,18,1,1
BRDA:102,19,0,0
BRDA:102,19,1,0
BRF:39
BRH:33
end_of_record
TN:
SF:src\lib\countdown.ts
FN:1,formatCountdown
FNF:1
FNH:1
FNDA:22,formatCountdown
DA:2,22
DA:3,18
DA:4,18
DA:5,18
DA:6,18
DA:7,18
DA:8,18
DA:9,18
DA:10,18
DA:11,18
DA:12,18
DA:13,18
DA:14,18
DA:15,18
LF:14
LH:14
BRDA:2,0,0,4
BRDA:2,0,1,18
BRDA:10,1,0,1
BRDA:10,1,1,17
BRDA:11,2,0,2
BRDA:11,2,1,16
BRDA:12,3,0,2
BRDA:12,3,1,16
BRDA:13,4,0,3
BRDA:13,4,1,15
BRF:10
BRH:10
end_of_record
TN:
SF:src\lib\logger.ts
FN:12,isTestEnv
FN:16,isDevEnv
FN:20,envMinLevel
FN:29,shouldLog
FN:37,setClientLogContext
FN:42,clearClientLogField
FN:49,_resetClientLogContextForTests
FN:53,browserContext
FN:61,emit
FN:83,(anonymous_9)
FN:84,(anonymous_10)
FN:85,(anonymous_11)
FN:86,(anonymous_12)
FNF:13
FNH:13
FNDA:101,isTestEnv
FNDA:6,isDevEnv
FNDA:8,envMinLevel
FNDA:101,shouldLog
FNDA:4,setClientLogContext
FNDA:3,clearClientLogField
FNDA:6,_resetClientLogContextForTests
FNDA:6,browserContext
FNDA:101,emit
FNDA:75,(anonymous_9)
FNDA:9,(anonymous_10)
FNDA:10,(anonymous_11)
FNDA:7,(anonymous_12)
DA:5,7
DA:13,101
DA:17,6
DA:22,8
DA:25,8
DA:26,6
DA:30,101
DA:31,8
DA:34,7
DA:38,4
DA:43,3
DA:44,3
DA:45,3
DA:50,6
DA:54,6
DA:55,6
DA:62,101
DA:63,6
DA:72,101
DA:79,101
DA:82,7
DA:83,75
DA:84,9
DA:85,10
DA:86,7
LF:25
LH:25
BRDA:13,0,0,101
BRDA:13,0,1,101
BRDA:17,1,0,6
BRDA:17,1,1,6
BRDA:22,2,0,8
BRDA:22,2,1,8
BRDA:22,2,2,6
BRDA:25,3,0,2
BRDA:25,3,1,6
BRDA:25,4,0,8
BRDA:25,4,1,2
BRDA:26,5,0,5
BRDA:26,5,1,1
BRDA:30,6,0,93
BRDA:30,6,1,8
BRDA:54,7,0,0
BRDA:54,7,1,6
BRDA:62,8,0,95
BRDA:62,8,1,6
BRDA:66,9,0,6
BRDA:66,9,1,5
BRDA:72,10,0,1
BRDA:72,10,1,5
BRDA:74,11,0,2
BRDA:74,11,1,3
BRDA:76,12,0,0
BRDA:76,12,1,3
BRF:27
BRH:25
end_of_record
TN:
SF:src\lib\phoneFormat.ts
FN:2,digitsOnly
FN:9,formatPhoneDisplay
FN:18,formatPhoneInput
FNF:3
FNH:3
FNDA:141,digitsOnly
FNDA:135,formatPhoneDisplay
FNDA:15,formatPhoneInput
DA:3,141
DA:4,141
DA:5,138
DA:10,135
DA:11,135
DA:12,133
DA:13,127
DA:14,122
DA:19,15
LF:9
LH:9
BRDA:4,0,0,3
BRDA:4,0,1,138
BRDA:4,1,0,141
BRDA:4,1,1,3
BRDA:11,2,0,2
BRDA:11,2,1,133
BRDA:12,3,0,6
BRDA:12,3,1,127
BRDA:13,4,0,5
BRDA:13,4,1,122
BRF:10
BRH:10
end_of_record
TN:
SF:src\lib\physicianPhonePreference.ts
FN:8,loadPhysicianPhonePreference
FN:20,savePhysicianPhonePreference
FNF:2
FNH:2
FNDA:6,loadPhysicianPhonePreference
FNDA:5,savePhysicianPhonePreference
DA:9,6
DA:10,0
DA:12,6
DA:13,6
DA:14,3
DA:15,3
DA:21,5
DA:22,5
LF:8
LH:7
BRDA:9,0,0,0
BRDA:9,0,1,6
BRDA:13,1,0,3
BRDA:13,1,1,3
BRDA:15,2,0,2
BRDA:15,2,1,1
BRDA:21,3,0,0
BRDA:21,3,1,5
BRF:8
BRH:6
end_of_record
TN:
SF:src\lib\physicianPhones.ts
FN:10,normalizePhone
FN:14,phonesMatch
FN:18,formatPhysicianSmsBody
FNF:3
FNH:3
FNDA:15,normalizePhone
FNDA:2,phonesMatch
FNDA:1,formatPhysicianSmsBody
DA:1,3
DA:2,3
DA:4,3
DA:11,15
DA:15,2
DA:26,1
LF:6
LH:6
BRF:0
BRH:0
end_of_record
TN:
SF:src\lib\smsDefaults.ts
FNF:0
FNH:0
DA:2,1
LF:1
LH:1
BRF:0
BRH:0
end_of_record
TN:
SF:src\lib\smsThread.ts
FN:12,buildReplyThreadState
FN:20,(anonymous_1)
FN:31,isOutboundAnswered
FNF:3
FNH:3
FNDA:19,buildReplyThreadState
FNDA:22,(anonymous_1)
FNDA:2,isOutboundAnswered
DA:13,19
DA:14,19
DA:15,22
DA:16,1
DA:20,19
DA:21,22
DA:24,19
DA:35,2
LF:8
LH:8
BRDA:15,0,0,1
BRDA:15,0,1,21
BRDA:15,1,0,22
BRDA:15,1,1,1
BRDA:21,2,0,22
BRDA:21,2,1,21
BRDA:27,3,0,19
BRDA:27,3,1,0
BRF:8
BRH:7
end_of_record
TN:
SF:src\lib\types.ts
FNF:0
FNH:0
LF:0
LH:0
BRF:0
BRH:0
end_of_record
