TN:
SF:src\lib\audit.ts
FN:40,recordAudit
FNF:1
FNH:1
FNDA:61,recordAudit
DA:4,11
DA:41,61
DA:44,61
DA:46,61
DA:47,61
DA:56,60
DA:67,1
LF:7
LH:7
BRDA:41,0,0,20
BRDA:41,0,1,41
BRDA:42,1,0,20
BRDA:42,1,1,1
BRDA:44,2,0,58
BRDA:44,2,1,3
BRF:6
BRH:6
end_of_record
TN:
SF:src\lib\auth.ts
FN:10,getUser
FN:15,requireAuth
FN:25,canEditTemplates
FN:29,canManagePatients
FNF:4
FNH:4
FNDA:68,getUser
FNDA:66,requireAuth
FNDA:13,canEditTemplates
FNDA:6,canManagePatients
DA:11,68
DA:12,68
DA:16,66
DA:17,66
DA:18,1
DA:19,1
DA:20,1
DA:22,65
DA:26,13
DA:30,6
LF:10
LH:10
BRDA:12,0,0,68
BRDA:12,0,1,2
BRDA:17,1,0,1
BRDA:17,1,1,65
BRDA:26,2,0,13
BRDA:26,2,1,5
BRDA:30,3,0,6
BRDA:30,3,1,5
BRF:8
BRH:8
end_of_record
TN:
SF:src\lib\logger.ts
FN:33,createBaseConfig
FN:73,(anonymous_1)
FN:81,getLogger
FN:86,setRootLogger
FN:90,createRequestLogger
FNF:5
FNH:4
FNDA:16,createBaseConfig
FNDA:96,(anonymous_1)
FNDA:110,getLogger
FNDA:5,setRootLogger
FNDA:0,createRequestLogger
DA:13,16
DA:14,16
DA:16,16
DA:19,16
DA:34,16
DA:36,16
DA:37,0
DA:49,16
DA:50,16
DA:51,0
DA:59,16
DA:65,16
DA:73,96
DA:79,16
DA:82,110
DA:83,108
DA:87,5
DA:94,0
LF:18
LH:15
BRDA:14,0,0,16
BRDA:14,0,1,0
BRDA:16,1,0,16
BRDA:16,1,1,0
BRDA:17,2,0,0
BRDA:17,2,1,0
BRDA:17,3,0,0
BRDA:17,3,1,0
BRDA:36,4,0,0
BRDA:36,4,1,16
BRDA:36,5,0,16
BRDA:36,5,1,0
BRDA:50,6,0,0
BRDA:50,6,1,16
BRDA:50,7,0,16
BRDA:50,7,1,0
BRDA:59,8,0,0
BRDA:59,8,1,16
BRDA:61,9,0,0
BRDA:61,9,1,16
BRDA:75,10,0,0
BRDA:75,10,1,16
BRDA:82,11,0,2
BRDA:82,11,1,108
BRDA:96,12,0,0
BRDA:96,12,1,0
BRF:26
BRH:11
end_of_record
TN:
SF:src\lib\patientRetention.ts
FN:10,retentionCutoffDate
FN:16,purgeExpiredPatients
FNF:2
FNH:2
FNDA:7,retentionCutoffDate
FNDA:6,purgeExpiredPatients
DA:4,12
DA:6,12
DA:11,7
DA:17,6
DA:18,6
DA:23,6
DA:25,1
DA:29,1
DA:33,1
LF:9
LH:9
BRDA:7,0,0,12
BRDA:7,0,1,12
BRDA:23,1,0,5
BRDA:23,1,1,1
BRF:4
BRH:4
end_of_record
TN:
SF:src\lib\physicianPhones.ts
FN:11,normalizePhone
FN:15,phonesMatch
FN:19,formatPhysicianSmsBody
FNF:3
FNH:3
FNDA:32,normalizePhone
FNDA:5,phonesMatch
FNDA:4,formatPhysicianSmsBody
DA:1,10
DA:3,10
DA:12,32
DA:16,5
DA:27,4
LF:5
LH:5
BRF:0
BRH:0
end_of_record
TN:
SF:src\lib\prisma.ts
FNF:0
FNH:0
DA:3,19
LF:1
LH:1
BRF:0
BRH:0
end_of_record
TN:
SF:src\lib\threadRetention.ts
FN:11,threadRetentionCutoff
FN:17,purgeExpiredThreads
FNF:2
FNH:2
FNDA:8,threadRetentionCutoff
FNDA:7,purgeExpiredThreads
DA:5,11
DA:7,11
DA:12,8
DA:18,7
DA:19,7
DA:26,7
DA:27,2
DA:32,7
LF:8
LH:8
BRDA:8,0,0,11
BRDA:8,0,1,11
BRDA:26,1,0,2
BRDA:26,1,1,5
BRF:4
BRH:4
end_of_record
TN:
SF:src\lib\time.ts
FN:1,offsetToMilliseconds
FN:17,computeSendAt
FNF:2
FNH:2
FNDA:28,offsetToMilliseconds
FNDA:23,computeSendAt
DA:8,28
DA:25,23
LF:2
LH:2
BRF:0
BRH:0
end_of_record
TN:
SF:src\plugins\authenticate.ts
FN:3,authenticate
FNF:1
FNH:1
FNDA:71,authenticate
DA:7,71
DA:8,71
DA:9,71
DA:10,7
DA:12,64
DA:14,7
LF:6
LH:6
BRDA:9,0,0,7
BRDA:9,0,1,64
BRF:2
BRH:2
end_of_record
TN:
SF:src\plugins\logging.ts
FN:14,registerLogging
FN:17,(anonymous_1)
FN:27,(anonymous_2)
FN:35,(anonymous_3)
FN:55,(anonymous_4)
FNF:5
FNH:4
FNDA:9,registerLogging
FNDA:90,(anonymous_1)
FNDA:90,(anonymous_2)
FNDA:90,(anonymous_3)
FNDA:0,(anonymous_4)
DA:15,9
DA:17,9
DA:18,90
DA:19,90
DA:20,90
DA:21,90
DA:27,9
DA:28,90
DA:29,90
DA:30,0
DA:31,0
DA:35,9
DA:36,90
DA:37,90
DA:38,90
DA:39,90
DA:40,90
DA:42,90
DA:44,90
DA:55,9
DA:56,0
DA:57,0
DA:58,0
LF:23
LH:18
BRDA:29,0,0,0
BRDA:29,0,1,90
BRDA:31,1,0,0
BRDA:31,1,1,0
BRDA:37,2,0,90
BRDA:37,2,1,0
BRDA:39,3,0,90
BRDA:39,3,1,0
BRDA:40,4,0,64
BRDA:40,4,1,26
BRDA:42,5,0,0
BRDA:42,5,1,90
BRDA:42,6,0,29
BRDA:42,6,1,61
BRDA:57,7,0,0
BRDA:57,7,1,0
BRF:16
BRH:8
end_of_record
TN:
SF:src\routes\activity.ts
FN:8,activityRoutes
FN:12,(anonymous_1)
FN:46,(anonymous_2)
FNF:3
FNH:3
FNDA:9,activityRoutes
FNDA:2,(anonymous_1)
FNDA:1,(anonymous_2)
DA:9,9
DA:12,9
DA:13,2
DA:15,2
DA:35,2
DA:42,2
DA:46,9
DA:47,1
DA:49,1
DA:63,1
DA:70,1
LF:11
LH:11
BRF:0
BRH:0
end_of_record
TN:
SF:src\routes\auth.ts
FN:16,authRoutes
FN:17,(anonymous_1)
FN:67,(anonymous_2)
FN:75,(anonymous_3)
FNF:4
FNH:4
FNDA:9,authRoutes
FNDA:18,(anonymous_1)
FNDA:2,(anonymous_2)
FNDA:1,(anonymous_3)
DA:9,9
DA:11,9
DA:17,9
DA:18,18
DA:19,18
DA:20,1
DA:23,17
DA:27,17
DA:28,3
DA:32,3
DA:38,3
DA:41,14
DA:47,14
DA:56,14
DA:61,14
DA:67,9
DA:68,2
DA:69,2
DA:72,9
DA:76,1
DA:77,1
DA:84,1
DA:85,1
LF:23
LH:23
BRDA:19,0,0,1
BRDA:19,0,1,17
BRDA:27,1,0,3
BRDA:27,1,1,14
BRDA:27,2,0,17
BRDA:27,2,1,16
BRF:6
BRH:6
end_of_record
TN:
SF:src\routes\campaigns.ts
FN:19,campaignRoutes
FN:22,(anonymous_1)
FN:47,(anonymous_2)
FN:70,(anonymous_3)
FN:120,(anonymous_4)
FN:160,(anonymous_5)
FNF:6
FNH:6
FNDA:9,campaignRoutes
FNDA:1,(anonymous_1)
FNDA:2,(anonymous_2)
FNDA:20,(anonymous_3)
FNDA:22,(anonymous_4)
FNDA:2,(anonymous_5)
DA:11,9
DA:13,9
DA:20,9
DA:22,9
DA:23,1
DA:24,1
DA:26,1
DA:37,1
DA:44,1
DA:47,9
DA:48,2
DA:49,2
DA:50,2
DA:58,2
DA:60,1
DA:67,1
DA:70,9
DA:71,20
DA:72,20
DA:73,20
DA:74,1
DA:77,19
DA:85,19
DA:86,1
DA:94,1
DA:95,1
DA:98,18
DA:103,18
DA:104,1
DA:107,17
DA:108,17
DA:112,20
DA:120,22
DA:141,17
DA:153,17
DA:157,17
DA:160,9
DA:161,2
DA:162,2
DA:163,2
DA:164,2
DA:166,1
DA:175,1
DA:182,1
DA:183,1
LF:45
LH:45
BRDA:27,0,0,1
BRDA:27,0,1,0
BRDA:58,1,0,1
BRDA:58,1,1,1
BRDA:73,2,0,1
BRDA:73,2,1,19
BRDA:85,3,0,1
BRDA:85,3,1,18
BRDA:103,4,0,1
BRDA:103,4,1,17
BRDA:103,5,0,18
BRDA:103,5,1,18
BRDA:109,6,0,17
BRDA:109,6,1,3
BRDA:164,7,0,1
BRDA:164,7,1,1
BRF:16
BRH:15
end_of_record
TN:
SF:src\routes\patients.ts
FN:18,patientRoutes
FN:21,(anonymous_1)
FN:51,(anonymous_2)
FN:70,(anonymous_3)
FN:100,(anonymous_4)
FNF:5
FNH:5
FNDA:9,patientRoutes
FNDA:1,(anonymous_1)
FNDA:2,(anonymous_2)
FNDA:4,(anonymous_3)
FNDA:3,(anonymous_4)
DA:8,9
DA:10,9
DA:19,9
DA:21,9
DA:22,1
DA:23,1
DA:25,1
DA:40,1
DA:47,1
DA:48,1
DA:51,9
DA:52,2
DA:53,2
DA:54,2
DA:55,2
DA:56,1
DA:57,1
DA:60,1
DA:67,1
DA:70,9
DA:71,4
DA:72,4
DA:73,4
DA:74,1
DA:77,3
DA:81,3
DA:88,2
DA:96,3
DA:97,3
DA:100,9
DA:101,3
DA:102,3
DA:103,1
DA:106,2
DA:107,2
DA:108,2
DA:109,1
DA:112,1
DA:114,1
DA:122,1
DA:123,1
LF:41
LH:41
BRDA:26,0,0,1
BRDA:26,0,1,0
BRDA:42,1,0,1
BRDA:42,1,1,0
BRDA:44,2,0,1
BRDA:44,2,1,0
BRDA:55,3,0,1
BRDA:55,3,1,1
BRDA:73,4,0,1
BRDA:73,4,1,3
BRDA:81,5,0,1
BRDA:81,5,1,2
BRDA:102,6,0,1
BRDA:102,6,1,2
BRDA:108,7,0,1
BRDA:108,7,1,1
BRF:16
BRH:13
end_of_record
TN:
SF:src\routes\sms.ts
FN:28,smsRoutes
FN:31,(anonymous_1)
FN:56,(anonymous_2)
FN:67,(anonymous_3)
FN:74,(anonymous_4)
FN:89,(anonymous_5)
FN:122,(anonymous_6)
FN:154,(anonymous_7)
FNF:8
FNH:8
FNDA:9,smsRoutes
FNDA:1,(anonymous_1)
FNDA:3,(anonymous_2)
FNDA:3,(anonymous_3)
FNDA:1,(anonymous_4)
FNDA:1,(anonymous_5)
FNDA:5,(anonymous_6)
FNDA:3,(anonymous_7)
DA:15,9
DA:17,9
DA:22,9
DA:29,9
DA:31,9
DA:32,1
DA:33,1
DA:34,1
DA:36,1
DA:45,1
DA:53,1
DA:56,9
DA:57,3
DA:58,3
DA:60,3
DA:65,3
DA:66,3
DA:67,3
DA:71,0
DA:74,9
DA:75,1
DA:76,1
DA:79,1
DA:86,1
DA:89,9
DA:90,1
DA:91,1
DA:92,1
DA:95,0
DA:96,0
DA:97,0
DA:98,0
DA:101,0
DA:110,0
DA:118,0
DA:119,0
DA:122,9
DA:123,5
DA:124,5
DA:125,5
DA:126,1
DA:129,4
DA:134,4
DA:135,1
DA:136,1
DA:139,3
DA:140,3
DA:143,5
DA:144,5
DA:152,5
DA:154,5
DA:155,3
DA:168,3
DA:176,3
DA:179,3
DA:191,3
DA:201,3
LF:57
LH:48
BRDA:38,0,0,1
BRDA:38,0,1,0
BRDA:39,1,0,0
BRDA:39,1,1,1
BRDA:65,2,0,3
BRDA:65,2,1,0
BRDA:91,3,0,1
BRDA:91,3,1,0
BRDA:97,4,0,0
BRDA:97,4,1,0
BRDA:105,5,0,0
BRDA:105,5,1,0
BRDA:125,6,0,1
BRDA:125,6,1,4
BRDA:134,7,0,1
BRDA:134,7,1,3
BRDA:134,8,0,4
BRDA:134,8,1,3
BRDA:141,9,0,3
BRDA:141,9,1,0
BRDA:143,10,0,5
BRDA:143,10,1,0
BRF:22
BRH:12
end_of_record
TN:
SF:src\routes\templates.ts
FN:24,templateRoutes
FN:27,(anonymous_1)
FN:44,(anonymous_2)
FN:66,(anonymous_3)
FN:89,(anonymous_4)
FN:115,(anonymous_5)
FN:139,(anonymous_6)
FN:144,(anonymous_7)
FN:156,(anonymous_8)
FN:183,(anonymous_9)
FNF:10
FNH:10
FNDA:9,templateRoutes
FNDA:1,(anonymous_1)
FNDA:1,(anonymous_2)
FNDA:5,(anonymous_3)
FNDA:2,(anonymous_4)
FNDA:3,(anonymous_5)
FNDA:1,(anonymous_6)
FNDA:1,(anonymous_7)
FNDA:1,(anonymous_8)
FNDA:2,(anonymous_9)
DA:8,9
DA:10,9
DA:19,9
DA:25,9
DA:27,9
DA:28,1
DA:29,1
DA:34,1
DA:41,1
DA:44,9
DA:45,1
DA:46,1
DA:47,1
DA:51,1
DA:52,1
DA:53,1
DA:56,0
DA:63,0
DA:66,9
DA:67,5
DA:68,5
DA:69,1
DA:72,4
DA:73,4
DA:74,1
DA:77,3
DA:80,3
DA:81,1
DA:84,2
DA:89,2
DA:103,2
DA:111,2
DA:112,2
DA:115,9
DA:116,3
DA:117,3
DA:118,1
DA:121,2
DA:122,2
DA:123,2
DA:124,0
DA:127,2
DA:128,2
DA:130,2
DA:131,1
DA:134,1
DA:135,1
DA:139,1
DA:140,1
DA:144,1
DA:145,1
DA:146,1
DA:150,1
DA:151,1
DA:156,1
DA:171,1
DA:179,1
DA:180,1
DA:183,9
DA:184,2
DA:185,2
DA:186,1
DA:189,1
DA:190,1
DA:191,1
DA:192,0
DA:195,1
DA:197,1
DA:205,1
DA:206,1
LF:70
LH:66
BRDA:51,0,0,1
BRDA:51,0,1,0
BRDA:68,1,0,1
BRDA:68,1,1,4
BRDA:73,2,0,1
BRDA:73,2,1,3
BRDA:80,3,0,1
BRDA:80,3,1,2
BRDA:117,4,0,1
BRDA:117,4,1,2
BRDA:123,5,0,0
BRDA:123,5,1,2
BRDA:128,6,0,0
BRDA:128,6,1,2
BRDA:130,7,0,1
BRDA:130,7,1,1
BRDA:134,8,0,1
BRDA:134,8,1,0
BRDA:145,9,0,1
BRDA:145,9,1,0
BRDA:185,10,0,1
BRDA:185,10,1,1
BRDA:191,11,0,0
BRDA:191,11,1,1
BRF:24
BRH:18
end_of_record
TN:
SF:src\services\scheduler.ts
FN:18,_resetRetentionCadenceForTests
FN:30,processDueMessages
FN:50,(anonymous_2)
FN:154,startScheduler
FN:156,(anonymous_4)
FN:157,(anonymous_5)
FNF:6
FNH:3
FNDA:2,_resetRetentionCadenceForTests
FNDA:10,processDueMessages
FNDA:7,(anonymous_2)
FNDA:0,startScheduler
FNDA:0,(anonymous_4)
FNDA:0,(anonymous_5)
DA:11,10
DA:12,10
DA:14,10
DA:15,10
DA:19,2
DA:31,10
DA:32,10
DA:33,10
DA:45,10
DA:46,10
DA:47,10
DA:48,7
DA:49,7
DA:50,7
DA:51,7
DA:63,7
DA:71,7
DA:75,7
DA:77,0
DA:78,0
DA:82,0
DA:83,0
DA:88,0
DA:96,10
DA:101,10
DA:102,10
DA:103,7
DA:104,7
DA:107,7
DA:108,7
DA:115,7
DA:116,7
DA:119,0
DA:123,10
DA:124,7
DA:127,10
DA:128,10
DA:129,10
DA:130,4
DA:131,4
DA:132,4
DA:133,4
DA:137,4
DA:142,0
DA:146,10
DA:147,10
DA:148,0
DA:151,10
DA:155,0
DA:156,0
DA:157,0
LF:51
LH:40
BRDA:107,0,0,7
BRDA:107,0,1,0
BRDA:123,1,0,7
BRDA:123,1,1,3
BRDA:123,2,0,10
BRDA:123,2,1,3
BRDA:129,3,0,4
BRDA:129,3,1,6
BRDA:147,4,0,0
BRDA:147,4,1,10
BRDA:154,5,0,0
BRF:11
BRH:8
end_of_record
