TN:
SF:src\lib\audit.ts
FN:42,recordAudit
FNF:1
FNH:1
FNDA:84,recordAudit
DA:4,13
DA:43,84
DA:46,84
DA:48,84
DA:49,84
DA:58,83
DA:69,1
LF:7
LH:7
BRDA:43,0,0,35
BRDA:43,0,1,49
BRDA:44,1,0,35
BRDA:44,1,1,1
BRDA:46,2,0,81
BRDA:46,2,1,3
BRF:6
BRH:6
end_of_record
TN:
SF:src\lib\auth.ts
FN:10,getUser
FN:15,requireAuth
FN:25,canEditTemplates
FN:29,canManagePatients
FNF:4
FNH:4
FNDA:92,getUser
FNDA:90,requireAuth
FNDA:13,canEditTemplates
FNDA:6,canManagePatients
DA:11,92
DA:12,92
DA:16,90
DA:17,90
DA:18,1
DA:19,1
DA:20,1
DA:22,89
DA:26,13
DA:30,6
LF:10
LH:10
BRDA:12,0,0,92
BRDA:12,0,1,2
BRDA:17,1,0,1
BRDA:17,1,1,89
BRDA:26,2,0,13
BRDA:26,2,1,5
BRDA:30,3,0,6
BRDA:30,3,1,5
BRF:8
BRH:8
end_of_record
TN:
SF:src\lib\logger.ts
FN:33,createBaseConfig
FN:73,(anonymous_1)
FN:81,getLogger
FN:86,setRootLogger
FN:90,createRequestLogger
FNF:5
FNH:4
FNDA:18,createBaseConfig
FNDA:108,(anonymous_1)
FNDA:132,getLogger
FNDA:5,setRootLogger
FNDA:0,createRequestLogger
DA:13,18
DA:14,18
DA:16,18
DA:19,18
DA:34,18
DA:36,18
DA:37,0
DA:49,18
DA:50,18
DA:51,0
DA:59,18
DA:65,18
DA:73,108
DA:79,18
DA:82,132
DA:83,130
DA:87,5
DA:94,0
LF:18
LH:15
BRDA:14,0,0,18
BRDA:14,0,1,0
BRDA:16,1,0,18
BRDA:16,1,1,0
BRDA:17,2,0,0
BRDA:17,2,1,0
BRDA:17,3,0,0
BRDA:17,3,1,0
BRDA:36,4,0,0
BRDA:36,4,1,18
BRDA:36,5,0,18
BRDA:36,5,1,0
BRDA:50,6,0,0
BRDA:50,6,1,18
BRDA:50,7,0,18
BRDA:50,7,1,0
BRDA:59,8,0,0
BRDA:59,8,1,18
BRDA:61,9,0,0
BRDA:61,9,1,18
BRDA:75,10,0,0
BRDA:75,10,1,18
BRDA:82,11,0,2
BRDA:82,11,1,130
BRDA:96,12,0,0
BRDA:96,12,1,0
BRF:26
BRH:11
end_of_record
TN:
SF:src\lib\patientRetention.ts
FN:10,retentionCutoffDate
FN:16,purgeExpiredPatients
FNF:2
FNH:2
FNDA:7,retentionCutoffDate
FNDA:6,purgeExpiredPatients
DA:4,14
DA:6,14
DA:11,7
DA:17,6
DA:18,6
DA:23,6
DA:25,1
DA:29,1
DA:33,1
LF:9
LH:9
BRDA:7,0,0,14
BRDA:7,0,1,14
BRDA:23,1,0,5
BRDA:23,1,1,1
BRF:4
BRH:4
end_of_record
TN:
SF:src\lib\physicianPhones.ts
FN:11,normalizePhone
FN:15,phonesMatch
FN:19,formatPhysicianSmsBody
FNF:3
FNH:3
FNDA:46,normalizePhone
FNDA:5,phonesMatch
FNDA:1,formatPhysicianSmsBody
DA:1,12
DA:3,12
DA:12,46
DA:16,5
DA:27,1
LF:5
LH:5
BRF:0
BRH:0
end_of_record
TN:
SF:src\lib\prisma.ts
FNF:0
FNH:0
DA:3,21
LF:1
LH:1
BRF:0
BRH:0
end_of_record
TN:
SF:src\lib\smsDefaults.ts
FNF:0
FNH:0
DA:2,11
LF:1
LH:1
BRF:0
BRH:0
end_of_record
TN:
SF:src\lib\threadRetention.ts
FN:11,threadRetentionCutoff
FN:17,purgeExpiredThreads
FNF:2
FNH:2
FNDA:8,threadRetentionCutoff
FNDA:7,purgeExpiredThreads
DA:5,13
DA:7,13
DA:12,8
DA:18,7
DA:19,7
DA:26,7
DA:27,2
DA:32,7
LF:8
LH:8
BRDA:8,0,0,13
BRDA:8,0,1,13
BRDA:26,1,0,2
BRDA:26,1,1,5
BRF:4
BRH:4
end_of_record
TN:
SF:src\lib\time.ts
FN:1,offsetToMilliseconds
FN:17,computeSendAt
FNF:2
FNH:2
FNDA:39,offsetToMilliseconds
FNDA:34,computeSendAt
DA:8,39
DA:25,34
LF:2
LH:2
BRF:0
BRH:0
end_of_record
TN:
SF:src\plugins\authenticate.ts
FN:3,authenticate
FNF:1
FNH:1
FNDA:95,authenticate
DA:7,95
DA:8,95
DA:9,95
DA:10,7
DA:12,88
DA:14,7
LF:6
LH:6
BRDA:9,0,0,7
BRDA:9,0,1,88
BRF:2
BRH:2
end_of_record
TN:
SF:src\plugins\logging.ts
FN:14,registerLogging
FN:17,(anonymous_1)
FN:27,(anonymous_2)
FN:35,(anonymous_3)
FN:55,(anonymous_4)
FNF:5
FNH:4
FNDA:11,registerLogging
FNDA:117,(anonymous_1)
FNDA:117,(anonymous_2)
FNDA:117,(anonymous_3)
FNDA:0,(anonymous_4)
DA:15,11
DA:17,11
DA:18,117
DA:19,117
DA:20,117
DA:21,117
DA:27,11
DA:28,117
DA:29,117
DA:30,0
DA:31,0
DA:35,11
DA:36,117
DA:37,117
DA:38,117
DA:39,117
DA:40,117
DA:42,117
DA:44,117
DA:55,11
DA:56,0
DA:57,0
DA:58,0
LF:23
LH:18
BRDA:29,0,0,0
BRDA:29,0,1,117
BRDA:31,1,0,0
BRDA:31,1,1,0
BRDA:37,2,0,117
BRDA:37,2,1,0
BRDA:39,3,0,117
BRDA:39,3,1,0
BRDA:40,4,0,88
BRDA:40,4,1,29
BRDA:42,5,0,0
BRDA:42,5,1,117
BRDA:42,6,0,32
BRDA:42,6,1,85
BRDA:57,7,0,0
BRDA:57,7,1,0
BRF:16
BRH:8
end_of_record
TN:
SF:src\routes\activity.ts
FN:8,activityRoutes
FN:12,(anonymous_1)
FN:46,(anonymous_2)
FNF:3
FNH:3
FNDA:11,activityRoutes
FNDA:2,(anonymous_1)
FNDA:1,(anonymous_2)
DA:9,11
DA:12,11
DA:13,2
DA:15,2
DA:35,2
DA:42,2
DA:46,11
DA:47,1
DA:49,1
DA:63,1
DA:70,1
LF:11
LH:11
BRF:0
BRH:0
end_of_record
TN:
SF:src\routes\auth.ts
FN:16,authRoutes
FN:17,(anonymous_1)
FN:67,(anonymous_2)
FN:75,(anonymous_3)
FNF:4
FNH:4
FNDA:11,authRoutes
FNDA:21,(anonymous_1)
FNDA:2,(anonymous_2)
FNDA:1,(anonymous_3)
DA:9,11
DA:11,11
DA:17,11
DA:18,21
DA:19,21
DA:20,1
DA:23,20
DA:27,20
DA:28,3
DA:32,3
DA:38,3
DA:41,17
DA:47,17
DA:56,17
DA:61,17
DA:67,11
DA:68,2
DA:69,2
DA:72,11
DA:76,1
DA:77,1
DA:84,1
DA:85,1
LF:23
LH:23
BRDA:19,0,0,1
BRDA:19,0,1,20
BRDA:27,1,0,3
BRDA:27,1,1,17
BRDA:27,2,0,20
BRDA:27,2,1,19
BRF:6
BRH:6
end_of_record
TN:
SF:src\routes\campaigns.ts
FN:23,campaignRoutes
FN:26,(anonymous_1)
FN:51,(anonymous_2)
FN:74,(anonymous_3)
FN:124,(anonymous_4)
FN:165,(anonymous_5)
FN:191,(anonymous_6)
FNF:7
FNH:7
FNDA:11,campaignRoutes
FNDA:1,(anonymous_1)
FNDA:2,(anonymous_2)
FNDA:29,(anonymous_3)
FNDA:33,(anonymous_4)
FNDA:2,(anonymous_5)
FNDA:1,(anonymous_6)
DA:11,11
DA:13,11
DA:19,11
DA:24,11
DA:26,11
DA:27,1
DA:28,1
DA:30,1
DA:41,1
DA:48,1
DA:51,11
DA:52,2
DA:53,2
DA:54,2
DA:62,2
DA:64,1
DA:71,1
DA:74,11
DA:75,29
DA:76,29
DA:77,29
DA:78,1
DA:81,28
DA:89,28
DA:90,1
DA:98,1
DA:99,1
DA:102,27
DA:107,27
DA:108,1
DA:111,26
DA:112,26
DA:116,29
DA:124,33
DA:146,26
DA:158,26
DA:162,26
DA:165,11
DA:166,2
DA:167,2
DA:168,2
DA:169,2
DA:171,1
DA:180,1
DA:187,1
DA:188,1
DA:191,11
DA:192,1
DA:193,1
DA:194,1
DA:195,1
DA:196,0
DA:199,1
DA:203,1
DA:204,0
DA:206,1
DA:207,0
DA:210,1
DA:215,1
DA:227,1
DA:236,1
LF:61
LH:58
BRDA:31,0,0,1
BRDA:31,0,1,0
BRDA:62,1,0,1
BRDA:62,1,1,1
BRDA:77,2,0,1
BRDA:77,2,1,28
BRDA:89,3,0,1
BRDA:89,3,1,27
BRDA:107,4,0,1
BRDA:107,4,1,26
BRDA:107,5,0,27
BRDA:107,5,1,27
BRDA:113,6,0,26
BRDA:113,6,1,6
BRDA:169,7,0,1
BRDA:169,7,1,1
BRDA:195,8,0,0
BRDA:195,8,1,1
BRDA:203,9,0,0
BRDA:203,9,1,1
BRDA:206,10,0,0
BRDA:206,10,1,1
BRF:22
BRH:18
end_of_record
TN:
SF:src\routes\patients.ts
FN:18,patientRoutes
FN:21,(anonymous_1)
FN:51,(anonymous_2)
FN:70,(anonymous_3)
FN:100,(anonymous_4)
FNF:5
FNH:5
FNDA:11,patientRoutes
FNDA:1,(anonymous_1)
FNDA:2,(anonymous_2)
FNDA:4,(anonymous_3)
FNDA:3,(anonymous_4)
DA:8,11
DA:10,11
DA:19,11
DA:21,11
DA:22,1
DA:23,1
DA:25,1
DA:40,1
DA:47,1
DA:48,1
DA:51,11
DA:52,2
DA:53,2
DA:54,2
DA:55,2
DA:56,1
DA:57,1
DA:60,1
DA:67,1
DA:70,11
DA:71,4
DA:72,4
DA:73,4
DA:74,1
DA:77,3
DA:81,3
DA:88,2
DA:96,3
DA:97,3
DA:100,11
DA:101,3
DA:102,3
DA:103,1
DA:106,2
DA:107,2
DA:108,2
DA:109,1
DA:112,1
DA:114,1
DA:122,1
DA:123,1
LF:41
LH:41
BRDA:26,0,0,1
BRDA:26,0,1,0
BRDA:42,1,0,1
BRDA:42,1,1,0
BRDA:44,2,0,1
BRDA:44,2,1,0
BRDA:55,3,0,1
BRDA:55,3,1,1
BRDA:73,4,0,1
BRDA:73,4,1,3
BRDA:81,5,0,1
BRDA:81,5,1,2
BRDA:102,6,0,1
BRDA:102,6,1,2
BRDA:108,7,0,1
BRDA:108,7,1,1
BRF:16
BRH:13
end_of_record
TN:
SF:src\routes\sms.ts
FN:30,smsRoutes
FN:33,(anonymous_1)
FN:58,(anonymous_2)
FN:69,(anonymous_3)
FN:76,(anonymous_4)
FN:91,(anonymous_5)
FN:124,(anonymous_6)
FN:169,(anonymous_7)
FN:237,(anonymous_8)
FN:290,(anonymous_9)
FN:294,(anonymous_10)
FN:302,(anonymous_11)
FNF:12
FNH:12
FNDA:11,smsRoutes
FNDA:2,(anonymous_1)
FNDA:4,(anonymous_2)
FNDA:3,(anonymous_3)
FNDA:1,(anonymous_4)
FNDA:3,(anonymous_5)
FNDA:13,(anonymous_6)
FNDA:2,(anonymous_7)
FNDA:7,(anonymous_8)
FNDA:2,(anonymous_9)
FNDA:2,(anonymous_10)
FNDA:2,(anonymous_11)
DA:15,11
DA:17,11
DA:19,11
DA:24,11
DA:31,11
DA:33,11
DA:34,2
DA:35,2
DA:36,2
DA:38,2
DA:47,2
DA:55,2
DA:58,11
DA:59,4
DA:60,4
DA:62,4
DA:67,4
DA:68,4
DA:69,3
DA:73,0
DA:76,11
DA:77,1
DA:78,1
DA:81,1
DA:88,1
DA:91,11
DA:92,3
DA:93,3
DA:94,1
DA:97,2
DA:98,2
DA:99,2
DA:100,1
DA:103,1
DA:112,1
DA:120,1
DA:121,1
DA:124,11
DA:125,13
DA:126,13
DA:127,13
DA:128,1
DA:131,12
DA:139,12
DA:140,1
DA:141,1
DA:144,11
DA:145,1
DA:148,10
DA:154,10
DA:155,1
DA:160,9
DA:161,9
DA:162,13
DA:164,13
DA:166,2
DA:169,2
DA:170,2
DA:184,2
DA:197,2
DA:200,2
DA:214,2
DA:223,2
DA:226,7
DA:229,13
DA:237,13
DA:238,7
DA:252,7
DA:260,7
DA:263,7
DA:277,7
DA:287,7
DA:290,11
DA:291,2
DA:292,2
DA:294,2
DA:295,2
DA:296,1
DA:297,1
DA:302,2
DA:303,1
DA:315,1
DA:318,1
DA:319,1
DA:321,1
DA:322,1
DA:323,1
DA:326,2
DA:335,2
DA:336,2
LF:90
LH:89
BRDA:40,0,0,2
BRDA:40,0,1,0
BRDA:41,1,0,0
BRDA:41,1,1,2
BRDA:67,2,0,4
BRDA:67,2,1,0
BRDA:93,3,0,1
BRDA:93,3,1,2
BRDA:99,4,0,1
BRDA:99,4,1,1
BRDA:107,5,0,1
BRDA:107,5,1,0
BRDA:127,6,0,1
BRDA:127,6,1,12
BRDA:139,7,0,1
BRDA:139,7,1,11
BRDA:139,8,0,12
BRDA:139,8,1,11
BRDA:144,9,0,1
BRDA:144,9,1,10
BRDA:154,10,0,1
BRDA:154,10,1,9
BRDA:161,11,0,9
BRDA:161,11,1,1
BRDA:164,12,0,2
BRDA:164,12,1,11
BRDA:166,13,0,2
BRDA:166,13,1,0
BRDA:227,14,0,7
BRDA:227,14,1,0
BRDA:295,15,0,1
BRDA:295,15,1,1
BRDA:303,16,0,1
BRDA:303,16,1,0
BRDA:306,17,0,1
BRDA:306,17,1,0
BRDA:312,18,0,0
BRDA:312,18,1,0
BRF:38
BRH:28
end_of_record
TN:
SF:src\routes\templates.ts
FN:26,templateRoutes
FN:29,(anonymous_1)
FN:46,(anonymous_2)
FN:68,(anonymous_3)
FN:94,(anonymous_4)
FN:121,(anonymous_5)
FN:145,(anonymous_6)
FN:150,(anonymous_7)
FN:165,(anonymous_8)
FN:193,(anonymous_9)
FNF:10
FNH:10
FNDA:11,templateRoutes
FNDA:1,(anonymous_1)
FNDA:1,(anonymous_2)
FNDA:5,(anonymous_3)
FNDA:2,(anonymous_4)
FNDA:3,(anonymous_5)
FNDA:1,(anonymous_6)
FNDA:1,(anonymous_7)
FNDA:1,(anonymous_8)
FNDA:2,(anonymous_9)
DA:8,11
DA:10,11
DA:20,11
DA:27,11
DA:29,11
DA:30,1
DA:31,1
DA:36,1
DA:43,1
DA:46,11
DA:47,1
DA:48,1
DA:49,1
DA:53,1
DA:54,1
DA:55,1
DA:58,0
DA:65,0
DA:68,11
DA:69,5
DA:70,5
DA:71,1
DA:74,4
DA:75,4
DA:76,1
DA:79,3
DA:82,3
DA:83,1
DA:86,2
DA:94,2
DA:109,2
DA:117,2
DA:118,2
DA:121,11
DA:122,3
DA:123,3
DA:124,1
DA:127,2
DA:128,2
DA:129,2
DA:130,0
DA:133,2
DA:134,2
DA:136,2
DA:137,1
DA:140,1
DA:141,1
DA:145,1
DA:146,1
DA:150,1
DA:151,1
DA:152,1
DA:156,1
DA:157,1
DA:165,1
DA:181,1
DA:189,1
DA:190,1
DA:193,11
DA:194,2
DA:195,2
DA:196,1
DA:199,1
DA:200,1
DA:201,1
DA:202,0
DA:205,1
DA:207,1
DA:215,1
DA:216,1
LF:70
LH:66
BRDA:53,0,0,1
BRDA:53,0,1,0
BRDA:70,1,0,1
BRDA:70,1,1,4
BRDA:75,2,0,1
BRDA:75,2,1,3
BRDA:82,3,0,1
BRDA:82,3,1,2
BRDA:89,4,0,0
BRDA:89,4,1,2
BRDA:102,5,0,2
BRDA:102,5,1,0
BRDA:123,6,0,1
BRDA:123,6,1,2
BRDA:129,7,0,0
BRDA:129,7,1,2
BRDA:134,8,0,0
BRDA:134,8,1,2
BRDA:136,9,0,1
BRDA:136,9,1,1
BRDA:140,10,0,1
BRDA:140,10,1,0
BRDA:151,11,0,1
BRDA:151,11,1,0
BRDA:161,12,0,0
BRDA:161,12,1,1
BRDA:173,13,0,1
BRDA:173,13,1,0
BRDA:195,14,0,1
BRDA:195,14,1,1
BRDA:201,15,0,0
BRDA:201,15,1,1
BRF:32
BRH:22
end_of_record
TN:
SF:src\services\scheduler.ts
FN:18,_resetRetentionCadenceForTests
FN:30,processDueMessages
FN:50,(anonymous_2)
FN:156,startScheduler
FN:158,(anonymous_4)
FN:159,(anonymous_5)
FNF:6
FNH:3
FNDA:2,_resetRetentionCadenceForTests
FNDA:10,processDueMessages
FNDA:7,(anonymous_2)
FNDA:0,startScheduler
FNDA:0,(anonymous_4)
FNDA:0,(anonymous_5)
DA:11,12
DA:12,12
DA:14,12
DA:15,12
DA:19,2
DA:31,10
DA:32,10
DA:33,10
DA:45,10
DA:46,10
DA:47,10
DA:48,7
DA:49,7
DA:50,7
DA:51,7
DA:65,7
DA:73,7
DA:77,7
DA:79,0
DA:80,0
DA:84,0
DA:85,0
DA:90,0
DA:98,10
DA:103,10
DA:104,10
DA:105,7
DA:106,7
DA:109,7
DA:110,7
DA:117,7
DA:118,7
DA:121,0
DA:125,10
DA:126,7
DA:129,10
DA:130,10
DA:131,10
DA:132,4
DA:133,4
DA:134,4
DA:135,4
DA:139,4
DA:144,0
DA:148,10
DA:149,10
DA:150,0
DA:153,10
DA:157,0
DA:158,0
DA:159,0
LF:51
LH:40
BRDA:109,0,0,7
BRDA:109,0,1,0
BRDA:125,1,0,7
BRDA:125,1,1,3
BRDA:125,2,0,10
BRDA:125,2,1,3
BRDA:131,3,0,4
BRDA:131,3,1,6
BRDA:149,4,0,0
BRDA:149,4,1,10
BRDA:156,5,0,0
BRF:11
BRH:8
end_of_record
